[2018-03-18T21:45:42.954] [DEBUG] cheese - login => username:admin,password:123456
[2018-03-18T21:45:42.957] [DEBUG] cheese - admin
[2018-03-18T21:45:43.000] [DEBUG] cheese - null
[2018-03-18T21:45:43.002] [DEBUG] cheese - null
[2018-03-19T00:12:14.587] [DEBUG] cheese - login => username:admin,password:123456
[2018-03-19T00:12:14.587] [DEBUG] cheese - admin
[2018-03-19T00:12:14.593] [DEBUG] cheese - null
[2018-03-19T00:12:14.593] [DEBUG] cheese - null
[2018-03-19T00:12:17.274] [DEBUG] cheese - null
[2018-03-19T00:12:17.283] [DEBUG] cheese - null
[2018-03-19T00:12:21.820] [DEBUG] cheese - null
[2018-03-19T00:12:21.824] [DEBUG] cheese - null
[2018-03-19T00:12:23.884] [DEBUG] cheese - null
[2018-03-19T00:12:23.889] [DEBUG] cheese - null
[2018-03-19T00:12:28.594] [DEBUG] cheese - null
[2018-03-19T00:12:28.599] [DEBUG] cheese - null
[2018-03-19T00:12:28.650] [DEBUG] cheese - null
[2018-03-19T00:12:28.655] [DEBUG] cheese - null
[2018-03-19T00:12:33.957] [DEBUG] cheese - null
[2018-03-19T00:12:33.961] [DEBUG] cheese - null
[2018-03-19T00:12:37.447] [DEBUG] cheese - null
[2018-03-19T00:12:37.452] [DEBUG] cheese - null
[2018-03-19T00:12:39.837] [DEBUG] cheese - null
[2018-03-19T00:12:39.841] [DEBUG] cheese - null
[2018-03-19T00:12:41.088] [DEBUG] cheese - null
[2018-03-19T00:12:41.093] [DEBUG] cheese - null
[2018-03-19T00:12:41.098] [DEBUG] cheese - null
[2018-03-19T00:12:41.110] [DEBUG] cheese - null
[2018-03-19T00:12:44.421] [DEBUG] cheese - null
[2018-03-19T00:12:44.427] [DEBUG] cheese - null
[2018-03-19T00:12:48.987] [DEBUG] cheese - null
[2018-03-19T00:12:48.995] [DEBUG] cheese - null
[2018-03-19T00:12:50.757] [DEBUG] cheese - null
[2018-03-19T00:12:50.763] [DEBUG] cheese - null
[2018-03-19T00:12:51.760] [DEBUG] cheese - null
[2018-03-19T00:12:51.766] [DEBUG] cheese - null
[2018-03-19T00:12:53.506] [DEBUG] cheese - null
[2018-03-19T00:12:53.512] [DEBUG] cheese - null
[2018-03-19T00:12:54.209] [DEBUG] cheese - null
[2018-03-19T00:12:54.213] [DEBUG] cheese - null
[2018-03-19T00:13:01.818] [DEBUG] cheese - null
[2018-03-19T00:13:01.829] [DEBUG] cheese - null
[2018-03-19T00:13:02.431] [DEBUG] cheese - null
[2018-03-19T00:13:02.436] [DEBUG] cheese - null
[2018-03-19T00:13:03.324] [DEBUG] cheese - null
[2018-03-19T00:13:03.329] [DEBUG] cheese - null
[2018-03-19T00:13:07.501] [DEBUG] cheese - null
[2018-03-19T00:13:07.506] [DEBUG] cheese - null
[2018-03-19T00:13:07.590] [DEBUG] cheese - null
[2018-03-19T00:13:07.595] [DEBUG] cheese - null
[2018-03-19T00:13:16.151] [DEBUG] cheese - null
[2018-03-19T00:13:16.158] [DEBUG] cheese - null
[2018-03-19T00:13:18.163] [DEBUG] cheese - null
[2018-03-19T00:13:18.170] [DEBUG] cheese - null
[2018-03-19T00:13:18.918] [DEBUG] cheese - null
[2018-03-19T00:13:18.925] [DEBUG] cheese - null
[2018-03-19T00:14:23.082] [DEBUG] cheese - null
[2018-03-19T00:14:23.095] [DEBUG] cheese - null
[2018-03-19T00:14:27.018] [DEBUG] cheese - null
[2018-03-19T00:14:27.029] [DEBUG] cheese - null
[2018-03-19T00:14:28.840] [DEBUG] cheese - null
[2018-03-19T00:14:28.844] [DEBUG] cheese - null
[2018-03-19T00:14:28.851] [DEBUG] cheese - null
[2018-03-19T00:14:28.864] [DEBUG] cheese - null
[2018-03-19T00:14:30.848] [DEBUG] cheese - null
[2018-03-19T00:14:30.859] [DEBUG] cheese - null
[2018-03-19T00:14:47.707] [DEBUG] cheese - null
[2018-03-19T00:14:47.715] [DEBUG] cheese - null
[2018-03-19T00:14:49.085] [DEBUG] cheese - null
[2018-03-19T00:14:49.092] [DEBUG] cheese - null
[2018-03-19T00:14:51.021] [DEBUG] cheese - null
[2018-03-19T00:14:51.029] [DEBUG] cheese - null
[2018-03-19T00:14:54.978] [DEBUG] cheese - null
[2018-03-19T00:14:54.990] [DEBUG] cheese - null
[2018-03-19T00:14:59.863] [DEBUG] cheese - null
[2018-03-19T00:14:59.872] [DEBUG] cheese - null
[2018-03-19T00:14:59.941] [DEBUG] cheese - null
[2018-03-19T00:14:59.951] [DEBUG] cheese - null
[2018-03-19T00:22:16.569] [DEBUG] cheese - { Error: ER_NO_SUCH_TABLE: Table 'itcast.sp_permission_api' doesn't exist
    at Query.Sequence._packetToError (C:\Users\Alan_\Desktop\GZ\code\shop2-server\node_modules\mysql\lib\protocol\sequences\Sequence.js:52:14)
    at Query.ErrorPacket (C:\Users\Alan_\Desktop\GZ\code\shop2-server\node_modules\mysql\lib\protocol\sequences\Query.js:77:18)
    at Protocol._parsePacket (C:\Users\Alan_\Desktop\GZ\code\shop2-server\node_modules\mysql\lib\protocol\Protocol.js:279:23)
    at Parser.write (C:\Users\Alan_\Desktop\GZ\code\shop2-server\node_modules\mysql\lib\protocol\Parser.js:76:12)
    at Protocol.write (C:\Users\Alan_\Desktop\GZ\code\shop2-server\node_modules\mysql\lib\protocol\Protocol.js:39:16)
    at Socket.<anonymous> (C:\Users\Alan_\Desktop\GZ\code\shop2-server\node_modules\mysql\lib\Connection.js:103:28)
    at emitOne (events.js:116:13)
    at Socket.emit (events.js:211:7)
    at addChunk (_stream_readable.js:263:12)
    at readableAddChunk (_stream_readable.js:250:11)
    at Socket.Readable.push (_stream_readable.js:208:10)
    at TCP.onread (net.js:594:20)
    --------------------
    at Protocol._enqueue (C:\Users\Alan_\Desktop\GZ\code\shop2-server\node_modules\mysql\lib\protocol\Protocol.js:145:48)
    at PoolConnection.query (C:\Users\Alan_\Desktop\GZ\code\shop2-server\node_modules\mysql\lib\Connection.js:208:25)
    at C:\Users\Alan_\Desktop\GZ\code\shop2-server\node_modules\orm\lib\Drivers\DML\mysql.js:231:9
    at Ping.onOperationComplete [as _callback] (C:\Users\Alan_\Desktop\GZ\code\shop2-server\node_modules\mysql\lib\Pool.js:110:5)
    at Ping.Sequence.end (C:\Users\Alan_\Desktop\GZ\code\shop2-server\node_modules\mysql\lib\protocol\sequences\Sequence.js:88:24)
    at Ping.Sequence.OkPacket (C:\Users\Alan_\Desktop\GZ\code\shop2-server\node_modules\mysql\lib\protocol\sequences\Sequence.js:97:8)
    at Protocol._parsePacket (C:\Users\Alan_\Desktop\GZ\code\shop2-server\node_modules\mysql\lib\protocol\Protocol.js:279:23)
    at Parser.write (C:\Users\Alan_\Desktop\GZ\code\shop2-server\node_modules\mysql\lib\protocol\Parser.js:76:12)
    at Protocol.write (C:\Users\Alan_\Desktop\GZ\code\shop2-server\node_modules\mysql\lib\protocol\Protocol.js:39:16)
    at Socket.<anonymous> (C:\Users\Alan_\Desktop\GZ\code\shop2-server\node_modules\mysql\lib\Connection.js:103:28)
    at emitOne (events.js:116:13)
    at Socket.emit (events.js:211:7)
    at addChunk (_stream_readable.js:263:12)
    at readableAddChunk (_stream_readable.js:250:11)
    at Socket.Readable.push (_stream_readable.js:208:10)
    at TCP.onread (net.js:594:20)
  code: 'ER_NO_SUCH_TABLE',
  errno: 1146,
  sqlMessage: 'Table \'itcast.sp_permission_api\' doesn\'t exist',
  sqlState: '42S02',
  index: 0,
  sql: 'SELECT `id`, `ps_id`, `ps_api_service`, `ps_api_action`, `ps_api_order` FROM `sp_permission_api` WHERE `ps_api_service` = \'ManagerService\' AND `ps_api_action` = \'getAllManagers\' LIMIT 1' }
[2018-03-19T00:22:23.254] [DEBUG] cheese - { Error: ER_NO_SUCH_TABLE: Table 'itcast.sp_permission_api' doesn't exist
    at Query.Sequence._packetToError (C:\Users\Alan_\Desktop\GZ\code\shop2-server\node_modules\mysql\lib\protocol\sequences\Sequence.js:52:14)
    at Query.ErrorPacket (C:\Users\Alan_\Desktop\GZ\code\shop2-server\node_modules\mysql\lib\protocol\sequences\Query.js:77:18)
    at Protocol._parsePacket (C:\Users\Alan_\Desktop\GZ\code\shop2-server\node_modules\mysql\lib\protocol\Protocol.js:279:23)
    at Parser.write (C:\Users\Alan_\Desktop\GZ\code\shop2-server\node_modules\mysql\lib\protocol\Parser.js:76:12)
    at Protocol.write (C:\Users\Alan_\Desktop\GZ\code\shop2-server\node_modules\mysql\lib\protocol\Protocol.js:39:16)
    at Socket.<anonymous> (C:\Users\Alan_\Desktop\GZ\code\shop2-server\node_modules\mysql\lib\Connection.js:103:28)
    at emitOne (events.js:116:13)
    at Socket.emit (events.js:211:7)
    at addChunk (_stream_readable.js:263:12)
    at readableAddChunk (_stream_readable.js:250:11)
    at Socket.Readable.push (_stream_readable.js:208:10)
    at TCP.onread (net.js:594:20)
    --------------------
    at Protocol._enqueue (C:\Users\Alan_\Desktop\GZ\code\shop2-server\node_modules\mysql\lib\protocol\Protocol.js:145:48)
    at PoolConnection.query (C:\Users\Alan_\Desktop\GZ\code\shop2-server\node_modules\mysql\lib\Connection.js:208:25)
    at C:\Users\Alan_\Desktop\GZ\code\shop2-server\node_modules\orm\lib\Drivers\DML\mysql.js:231:9
    at Ping.onOperationComplete [as _callback] (C:\Users\Alan_\Desktop\GZ\code\shop2-server\node_modules\mysql\lib\Pool.js:110:5)
    at Ping.Sequence.end (C:\Users\Alan_\Desktop\GZ\code\shop2-server\node_modules\mysql\lib\protocol\sequences\Sequence.js:88:24)
    at Ping.Sequence.OkPacket (C:\Users\Alan_\Desktop\GZ\code\shop2-server\node_modules\mysql\lib\protocol\sequences\Sequence.js:97:8)
    at Protocol._parsePacket (C:\Users\Alan_\Desktop\GZ\code\shop2-server\node_modules\mysql\lib\protocol\Protocol.js:279:23)
    at Parser.write (C:\Users\Alan_\Desktop\GZ\code\shop2-server\node_modules\mysql\lib\protocol\Parser.js:76:12)
    at Protocol.write (C:\Users\Alan_\Desktop\GZ\code\shop2-server\node_modules\mysql\lib\protocol\Protocol.js:39:16)
    at Socket.<anonymous> (C:\Users\Alan_\Desktop\GZ\code\shop2-server\node_modules\mysql\lib\Connection.js:103:28)
    at emitOne (events.js:116:13)
    at Socket.emit (events.js:211:7)
    at addChunk (_stream_readable.js:263:12)
    at readableAddChunk (_stream_readable.js:250:11)
    at Socket.Readable.push (_stream_readable.js:208:10)
    at TCP.onread (net.js:594:20)
  code: 'ER_NO_SUCH_TABLE',
  errno: 1146,
  sqlMessage: 'Table \'itcast.sp_permission_api\' doesn\'t exist',
  sqlState: '42S02',
  index: 0,
  sql: 'SELECT `id`, `ps_id`, `ps_api_service`, `ps_api_action`, `ps_api_order` FROM `sp_permission_api` WHERE `ps_api_service` = \'ManagerService\' AND `ps_api_action` = \'getAllManagers\' LIMIT 1' }
[2018-03-19T00:23:34.589] [DEBUG] cheese - { Error: ER_NO_SUCH_TABLE: Table 'itcast.sp_permission_api' doesn't exist
    at Query.Sequence._packetToError (C:\Users\Alan_\Desktop\GZ\code\shop2-server\node_modules\mysql\lib\protocol\sequences\Sequence.js:52:14)
    at Query.ErrorPacket (C:\Users\Alan_\Desktop\GZ\code\shop2-server\node_modules\mysql\lib\protocol\sequences\Query.js:77:18)
    at Protocol._parsePacket (C:\Users\Alan_\Desktop\GZ\code\shop2-server\node_modules\mysql\lib\protocol\Protocol.js:279:23)
    at Parser.write (C:\Users\Alan_\Desktop\GZ\code\shop2-server\node_modules\mysql\lib\protocol\Parser.js:76:12)
    at Protocol.write (C:\Users\Alan_\Desktop\GZ\code\shop2-server\node_modules\mysql\lib\protocol\Protocol.js:39:16)
    at Socket.<anonymous> (C:\Users\Alan_\Desktop\GZ\code\shop2-server\node_modules\mysql\lib\Connection.js:103:28)
    at emitOne (events.js:116:13)
    at Socket.emit (events.js:211:7)
    at addChunk (_stream_readable.js:263:12)
    at readableAddChunk (_stream_readable.js:250:11)
    at Socket.Readable.push (_stream_readable.js:208:10)
    at TCP.onread (net.js:594:20)
    --------------------
    at Protocol._enqueue (C:\Users\Alan_\Desktop\GZ\code\shop2-server\node_modules\mysql\lib\protocol\Protocol.js:145:48)
    at PoolConnection.query (C:\Users\Alan_\Desktop\GZ\code\shop2-server\node_modules\mysql\lib\Connection.js:208:25)
    at C:\Users\Alan_\Desktop\GZ\code\shop2-server\node_modules\orm\lib\Drivers\DML\mysql.js:231:9
    at Ping.onOperationComplete [as _callback] (C:\Users\Alan_\Desktop\GZ\code\shop2-server\node_modules\mysql\lib\Pool.js:110:5)
    at Ping.Sequence.end (C:\Users\Alan_\Desktop\GZ\code\shop2-server\node_modules\mysql\lib\protocol\sequences\Sequence.js:88:24)
    at Ping.Sequence.OkPacket (C:\Users\Alan_\Desktop\GZ\code\shop2-server\node_modules\mysql\lib\protocol\sequences\Sequence.js:97:8)
    at Protocol._parsePacket (C:\Users\Alan_\Desktop\GZ\code\shop2-server\node_modules\mysql\lib\protocol\Protocol.js:279:23)
    at Parser.write (C:\Users\Alan_\Desktop\GZ\code\shop2-server\node_modules\mysql\lib\protocol\Parser.js:76:12)
    at Protocol.write (C:\Users\Alan_\Desktop\GZ\code\shop2-server\node_modules\mysql\lib\protocol\Protocol.js:39:16)
    at Socket.<anonymous> (C:\Users\Alan_\Desktop\GZ\code\shop2-server\node_modules\mysql\lib\Connection.js:103:28)
    at emitOne (events.js:116:13)
    at Socket.emit (events.js:211:7)
    at addChunk (_stream_readable.js:263:12)
    at readableAddChunk (_stream_readable.js:250:11)
    at Socket.Readable.push (_stream_readable.js:208:10)
    at TCP.onread (net.js:594:20)
  code: 'ER_NO_SUCH_TABLE',
  errno: 1146,
  sqlMessage: 'Table \'itcast.sp_permission_api\' doesn\'t exist',
  sqlState: '42S02',
  index: 0,
  sql: 'SELECT `id`, `ps_id`, `ps_api_service`, `ps_api_action`, `ps_api_order` FROM `sp_permission_api` WHERE `ps_api_service` = \'ManagerService\' AND `ps_api_action` = \'getAllManagers\' LIMIT 1' }
[2018-03-19T00:26:32.497] [DEBUG] cheese - null
[2018-03-19T00:26:32.504] [DEBUG] cheese - null
[2018-03-19T00:26:55.872] [DEBUG] cheese - null
[2018-03-19T00:26:55.887] [DEBUG] cheese - null
[2018-03-19T00:26:56.805] [DEBUG] cheese - null
[2018-03-19T00:26:56.811] [DEBUG] cheese - null
[2018-03-19T00:26:57.344] [DEBUG] cheese - null
[2018-03-19T00:26:57.351] [DEBUG] cheese - null
[2018-03-19T00:26:58.819] [DEBUG] cheese - null
[2018-03-19T00:26:58.825] [DEBUG] cheese - null
[2018-03-19T00:26:58.851] [DEBUG] cheese - null
[2018-03-19T00:26:58.861] [DEBUG] cheese - null
[2018-03-19T00:27:04.615] [DEBUG] cheese - null
[2018-03-19T00:27:04.621] [DEBUG] cheese - null
[2018-03-19T00:27:08.217] [DEBUG] cheese - null
[2018-03-19T00:27:08.220] [DEBUG] cheese - null
[2018-03-19T00:27:12.024] [DEBUG] cheese - null
[2018-03-19T00:27:12.029] [DEBUG] cheese - null
[2018-03-19T00:27:15.428] [DEBUG] cheese - null
[2018-03-19T00:27:15.433] [DEBUG] cheese - null
[2018-03-19T00:27:48.545] [DEBUG] cheese - null
[2018-03-19T00:27:48.550] [DEBUG] cheese - null
[2018-03-19T00:27:52.731] [DEBUG] cheese - null
[2018-03-19T00:27:52.736] [DEBUG] cheese - null
[2018-03-19T00:28:04.870] [DEBUG] cheese - null
[2018-03-19T00:28:04.875] [DEBUG] cheese - null
[2018-03-19T00:29:41.550] [DEBUG] cheese - null
[2018-03-19T00:29:41.555] [DEBUG] cheese - null
[2018-03-19T00:29:43.913] [DEBUG] cheese - null
[2018-03-19T00:29:43.917] [DEBUG] cheese - null
[2018-03-19T00:30:24.909] [DEBUG] cheese - null
[2018-03-19T00:30:24.931] [DEBUG] cheese - null
[2018-03-19T00:30:26.672] [DEBUG] cheese - null
[2018-03-19T00:30:26.676] [DEBUG] cheese - null
[2018-03-19T00:30:28.054] [DEBUG] cheese - null
[2018-03-19T00:30:28.059] [DEBUG] cheese - null
[2018-03-19T00:31:28.998] [DEBUG] cheese - null
[2018-03-19T00:31:29.003] [DEBUG] cheese - null
[2018-03-19T00:31:39.728] [DEBUG] cheese - null
[2018-03-19T00:31:39.732] [DEBUG] cheese - null
[2018-03-19T00:32:52.792] [DEBUG] cheese - null
[2018-03-19T00:32:52.796] [DEBUG] cheese - null
[2018-03-19T00:32:53.222] [DEBUG] cheese - null
[2018-03-19T00:32:53.226] [DEBUG] cheese - null
[2018-03-19T00:32:54.714] [DEBUG] cheese - null
[2018-03-19T00:32:54.718] [DEBUG] cheese - null
[2018-03-19T00:35:01.994] [DEBUG] cheese - null
[2018-03-19T00:35:02.000] [DEBUG] cheese - null
[2018-03-19T00:35:07.227] [DEBUG] cheese - null
[2018-03-19T00:35:07.233] [DEBUG] cheese - null
[2018-03-19T00:35:13.083] [DEBUG] cheese - null
[2018-03-19T00:35:13.088] [DEBUG] cheese - null
[2018-03-19T00:35:15.111] [DEBUG] cheese - null
[2018-03-19T00:35:15.117] [DEBUG] cheese - null
[2018-03-19T00:35:17.349] [DEBUG] cheese - null
[2018-03-19T00:35:17.357] [DEBUG] cheese - null
[2018-03-19T00:35:17.573] [DEBUG] cheese - null
[2018-03-19T00:35:17.582] [DEBUG] cheese - null
[2018-03-19T00:35:25.145] [DEBUG] cheese - null
[2018-03-19T00:35:25.151] [DEBUG] cheese - null
[2018-03-19T00:35:29.303] [DEBUG] cheese - null
[2018-03-19T00:35:29.311] [DEBUG] cheese - null
[2018-03-19T00:35:29.529] [DEBUG] cheese - null
[2018-03-19T00:35:29.541] [DEBUG] cheese - null
[2018-03-19T00:35:43.421] [DEBUG] cheese - null
[2018-03-19T00:35:43.428] [DEBUG] cheese - null
[2018-03-19T00:36:03.330] [DEBUG] cheese - null
[2018-03-19T00:36:03.335] [DEBUG] cheese - null
[2018-03-19T00:36:05.752] [DEBUG] cheese - null
[2018-03-19T00:36:05.756] [DEBUG] cheese - null
[2018-03-19T00:36:07.323] [DEBUG] cheese - null
[2018-03-19T00:36:07.327] [DEBUG] cheese - null
[2018-03-19T00:36:15.495] [DEBUG] cheese - null
[2018-03-19T00:36:15.500] [DEBUG] cheese - null
[2018-03-19T00:36:33.517] [DEBUG] cheese - login => username:admin,password:123456
[2018-03-19T00:36:33.518] [DEBUG] cheese - admin
[2018-03-19T00:36:33.523] [DEBUG] cheese - null
[2018-03-19T00:36:33.523] [DEBUG] cheese - null
[2018-03-20T18:02:43.789] [DEBUG] cheese - login => username:itcast,password:123456
[2018-03-20T18:02:43.791] [DEBUG] cheese - itcast
[2018-03-20T18:02:43.815] [DEBUG] cheese - null
[2018-03-20T18:02:43.815] [DEBUG] cheese - null
[2018-03-20T18:02:47.741] [DEBUG] cheese - login => username:admin,password:123456
[2018-03-20T18:02:47.741] [DEBUG] cheese - admin
[2018-03-20T18:02:47.751] [DEBUG] cheese - null
[2018-03-20T18:02:47.751] [DEBUG] cheese - null
[2018-03-21T11:07:13.338] [DEBUG] cheese - login => username:admin,password:123456
[2018-03-21T11:07:13.339] [DEBUG] cheese - admin
[2018-03-21T11:07:13.359] [DEBUG] cheese - null
[2018-03-21T11:07:13.360] [DEBUG] cheese - null
[2018-03-21T11:07:42.234] [DEBUG] cheese - login => username:admin,password:123456
[2018-03-21T11:07:42.234] [DEBUG] cheese - admin
[2018-03-21T11:07:42.240] [DEBUG] cheese - null
[2018-03-21T11:07:42.240] [DEBUG] cheese - null
[2018-03-21T15:13:48.238] [DEBUG] cheese - login => username:234,password:234
[2018-03-21T15:13:48.240] [DEBUG] cheese - 234
[2018-03-21T15:13:48.273] [DEBUG] cheese - null
[2018-03-21T15:13:48.274] [DEBUG] cheese - null
[2018-03-21T15:44:05.758] [DEBUG] cheese - login => username:12312,password:123123
[2018-03-21T15:44:05.758] [DEBUG] cheese - 12312
[2018-03-21T15:44:05.774] [DEBUG] cheese - null
[2018-03-21T15:44:05.774] [DEBUG] cheese - null
[2018-03-21T15:44:31.780] [DEBUG] cheese - login => username:admin,password:123456
[2018-03-21T15:44:31.780] [DEBUG] cheese - admin
[2018-03-21T15:44:31.794] [DEBUG] cheese - null
[2018-03-21T15:44:31.794] [DEBUG] cheese - null
[2018-03-21T15:45:13.597] [DEBUG] cheese - login => username:admin,password:123456
[2018-03-21T15:45:13.597] [DEBUG] cheese - admin
[2018-03-21T15:45:13.603] [DEBUG] cheese - null
[2018-03-21T15:45:13.604] [DEBUG] cheese - null
[2018-03-21T15:45:21.358] [DEBUG] cheese - login => username:243,password:sdd
[2018-03-21T15:45:21.358] [DEBUG] cheese - 243
[2018-03-21T15:45:21.363] [DEBUG] cheese - null
[2018-03-21T15:45:21.363] [DEBUG] cheese - null
[2018-03-21T15:45:50.339] [DEBUG] cheese - login => username:admin,password:sdd
[2018-03-21T15:45:50.339] [DEBUG] cheese - admin
[2018-03-21T15:45:50.355] [DEBUG] cheese - null
[2018-03-21T15:45:50.355] [DEBUG] cheese - null
[2018-03-21T15:48:13.560] [DEBUG] cheese - login => username:admin,password:123456
[2018-03-21T15:48:13.561] [DEBUG] cheese - admin
[2018-03-21T15:48:13.576] [DEBUG] cheese - null
[2018-03-21T15:48:13.576] [DEBUG] cheese - null
[2018-03-21T15:49:24.008] [DEBUG] cheese - login => username:admin,password:123456
[2018-03-21T15:49:24.008] [DEBUG] cheese - admin
[2018-03-21T15:49:24.016] [DEBUG] cheese - null
[2018-03-21T15:49:24.017] [DEBUG] cheese - null
[2018-03-21T16:07:18.900] [DEBUG] cheese - login => username:sdf,password:123
[2018-03-21T16:07:18.900] [DEBUG] cheese - sdf
[2018-03-21T16:07:18.905] [DEBUG] cheese - null
[2018-03-21T16:07:18.905] [DEBUG] cheese - null
[2018-03-21T16:07:35.523] [DEBUG] cheese - login => username:admin,password:123456
[2018-03-21T16:07:35.524] [DEBUG] cheese - admin
[2018-03-21T16:07:35.541] [DEBUG] cheese - null
[2018-03-21T16:07:35.541] [DEBUG] cheese - null
[2018-03-21T16:07:45.511] [DEBUG] cheese - login => username:admin,password:123
[2018-03-21T16:07:45.511] [DEBUG] cheese - admin
[2018-03-21T16:07:45.521] [DEBUG] cheese - null
[2018-03-21T16:07:45.521] [DEBUG] cheese - null
[2018-03-21T16:11:04.511] [DEBUG] cheese - login => username:admin,password:123
[2018-03-21T16:11:04.511] [DEBUG] cheese - admin
[2018-03-21T16:11:04.525] [DEBUG] cheese - null
[2018-03-21T16:11:04.525] [DEBUG] cheese - null
[2018-03-21T16:11:11.186] [DEBUG] cheese - login => username:werwerwe,password:123
[2018-03-21T16:11:11.186] [DEBUG] cheese - werwerwe
[2018-03-21T16:11:11.191] [DEBUG] cheese - null
[2018-03-21T16:11:11.191] [DEBUG] cheese - null
[2018-03-21T16:13:55.126] [DEBUG] cheese - login => username:admin,password:123456
[2018-03-21T16:13:55.126] [DEBUG] cheese - admin
[2018-03-21T16:13:55.131] [DEBUG] cheese - null
[2018-03-21T16:13:55.131] [DEBUG] cheese - null
[2018-03-21T17:36:49.566] [DEBUG] cheese - login => username:admin,password:123456
[2018-03-21T17:36:49.567] [DEBUG] cheese - admin
[2018-03-21T17:36:49.578] [DEBUG] cheese - null
[2018-03-21T17:36:49.578] [DEBUG] cheese - null
[2018-03-21T20:46:35.650] [DEBUG] cheese - login => username:admin,password:a123456
[2018-03-21T20:46:35.652] [DEBUG] cheese - admin
[2018-03-21T20:46:35.671] [DEBUG] cheese - null
[2018-03-21T20:46:35.671] [DEBUG] cheese - null
[2018-03-21T20:46:40.875] [DEBUG] cheese - login => username:admin,password:a123456
[2018-03-21T20:46:40.875] [DEBUG] cheese - admin
[2018-03-21T20:46:40.881] [DEBUG] cheese - null
[2018-03-21T20:46:40.881] [DEBUG] cheese - null
[2018-03-21T20:46:44.342] [DEBUG] cheese - login => username:admin,password:123456
[2018-03-21T20:46:44.343] [DEBUG] cheese - admin
[2018-03-21T20:46:44.347] [DEBUG] cheese - null
[2018-03-21T20:46:44.347] [DEBUG] cheese - null
[2018-03-21T20:53:40.215] [DEBUG] cheese - login => username:admin,password:123456
[2018-03-21T20:53:40.216] [DEBUG] cheese - admin
[2018-03-21T20:53:40.222] [DEBUG] cheese - null
[2018-03-21T20:53:40.222] [DEBUG] cheese - null
[2018-03-21T20:55:36.731] [DEBUG] cheese - login => username:admin,password:123456
[2018-03-21T20:55:36.731] [DEBUG] cheese - admin
[2018-03-21T20:55:36.737] [DEBUG] cheese - null
[2018-03-21T20:55:36.737] [DEBUG] cheese - null
[2018-03-21T20:58:40.972] [DEBUG] cheese - login => username:admin,password:123456
[2018-03-21T20:58:40.972] [DEBUG] cheese - admin
[2018-03-21T20:58:40.977] [DEBUG] cheese - null
[2018-03-21T20:58:40.977] [DEBUG] cheese - null
[2018-03-21T21:01:07.881] [DEBUG] cheese - login => username:admin,password:123456
[2018-03-21T21:01:07.881] [DEBUG] cheese - admin
[2018-03-21T21:01:07.905] [DEBUG] cheese - null
[2018-03-21T21:01:07.905] [DEBUG] cheese - null
[2018-03-21T21:04:50.065] [DEBUG] cheese - login => username:admin,password:123456
[2018-03-21T21:04:50.065] [DEBUG] cheese - admin
[2018-03-21T21:04:50.072] [DEBUG] cheese - null
[2018-03-21T21:04:50.072] [DEBUG] cheese - null
[2018-03-21T21:07:05.122] [DEBUG] cheese - login => username:admin,password:123456
[2018-03-21T21:07:05.122] [DEBUG] cheese - admin
[2018-03-21T21:07:05.136] [DEBUG] cheese - null
[2018-03-21T21:07:05.136] [DEBUG] cheese - null
[2018-03-21T21:15:32.055] [DEBUG] cheese - login => username:admin,password:123456
[2018-03-21T21:15:32.055] [DEBUG] cheese - admin
[2018-03-21T21:15:32.063] [DEBUG] cheese - null
[2018-03-21T21:15:32.063] [DEBUG] cheese - null
[2018-03-21T21:19:21.993] [DEBUG] cheese - login => username:admin,password:123456
[2018-03-21T21:19:21.993] [DEBUG] cheese - admin
[2018-03-21T21:19:21.997] [DEBUG] cheese - null
[2018-03-21T21:19:21.997] [DEBUG] cheese - null
[2018-03-21T21:21:30.241] [DEBUG] cheese - login => username:admin,password:123456
[2018-03-21T21:21:30.241] [DEBUG] cheese - admin
[2018-03-21T21:21:30.245] [DEBUG] cheese - null
[2018-03-21T21:21:30.246] [DEBUG] cheese - null
[2018-03-21T21:24:03.551] [DEBUG] cheese - login => username:admin,password:123456
[2018-03-21T21:24:03.551] [DEBUG] cheese - admin
[2018-03-21T21:24:03.561] [DEBUG] cheese - null
[2018-03-21T21:24:03.561] [DEBUG] cheese - null
[2018-03-21T21:26:08.142] [DEBUG] cheese - login => username:admin,password:123456
[2018-03-21T21:26:08.142] [DEBUG] cheese - admin
[2018-03-21T21:26:08.146] [DEBUG] cheese - null
[2018-03-21T21:26:08.146] [DEBUG] cheese - null
[2018-03-21T21:35:13.284] [DEBUG] cheese - login => username:admin,password:123456
[2018-03-21T21:35:13.284] [DEBUG] cheese - admin
[2018-03-21T21:35:13.306] [DEBUG] cheese - null
[2018-03-21T21:35:13.306] [DEBUG] cheese - null
[2018-03-21T21:39:11.180] [DEBUG] cheese - login => username:admin,password:123456
[2018-03-21T21:39:11.180] [DEBUG] cheese - admin
[2018-03-21T21:39:11.187] [DEBUG] cheese - null
[2018-03-21T21:39:11.188] [DEBUG] cheese - null
[2018-03-21T21:41:41.199] [DEBUG] cheese - login => username:admin,password:123456
[2018-03-21T21:41:41.199] [DEBUG] cheese - admin
[2018-03-21T21:41:41.203] [DEBUG] cheese - null
[2018-03-21T21:41:41.204] [DEBUG] cheese - null
[2018-03-21T21:44:10.935] [DEBUG] cheese - login => username:admin,password:a123456
[2018-03-21T21:44:10.935] [DEBUG] cheese - admin
[2018-03-21T21:44:10.941] [DEBUG] cheese - null
[2018-03-21T21:44:10.941] [DEBUG] cheese - null
[2018-03-21T21:44:14.588] [DEBUG] cheese - login => username:admin,password:123456
[2018-03-21T21:44:14.588] [DEBUG] cheese - admin
[2018-03-21T21:44:14.593] [DEBUG] cheese - null
[2018-03-21T21:44:14.593] [DEBUG] cheese - null
[2018-03-21T21:52:55.321] [DEBUG] cheese - login => username:admin,password:123456
[2018-03-21T21:52:55.321] [DEBUG] cheese - admin
[2018-03-21T21:52:55.332] [DEBUG] cheese - null
[2018-03-21T21:52:55.332] [DEBUG] cheese - null
[2018-03-21T22:12:05.946] [DEBUG] cheese - login => username:admin,password:123456
[2018-03-21T22:12:05.946] [DEBUG] cheese - admin
[2018-03-21T22:12:05.952] [DEBUG] cheese - null
[2018-03-21T22:12:05.952] [DEBUG] cheese - null
[2018-03-21T22:14:38.948] [DEBUG] cheese - login => username:admin,password:123456
[2018-03-21T22:14:38.948] [DEBUG] cheese - admin
[2018-03-21T22:14:38.963] [DEBUG] cheese - null
[2018-03-21T22:14:38.963] [DEBUG] cheese - null
[2018-03-21T22:22:30.980] [DEBUG] cheese - login => username:admin,password:123456
[2018-03-21T22:22:30.980] [DEBUG] cheese - admin
[2018-03-21T22:22:30.984] [DEBUG] cheese - null
[2018-03-21T22:22:30.984] [DEBUG] cheese - null
[2018-03-21T23:39:44.222] [DEBUG] cheese - login => username:admin,password:123456
[2018-03-21T23:39:44.223] [DEBUG] cheese - admin
[2018-03-21T23:39:44.232] [DEBUG] cheese - null
[2018-03-21T23:39:44.232] [DEBUG] cheese - null
[2018-03-22T09:42:24.260] [DEBUG] cheese - login => username:admin,password:123456
[2018-03-22T09:42:24.262] [DEBUG] cheese - admin
[2018-03-22T09:42:24.283] [DEBUG] cheese - null
[2018-03-22T09:42:24.284] [DEBUG] cheese - null
[2018-03-22T11:51:22.995] [DEBUG] cheese - login => username:admin,password:123456
[2018-03-22T11:51:22.996] [DEBUG] cheese - admin
[2018-03-22T11:51:23.003] [DEBUG] cheese - null
[2018-03-22T11:51:23.004] [DEBUG] cheese - null
[2018-03-22T11:53:42.080] [DEBUG] cheese - login => username:admin,password:123456
[2018-03-22T11:53:42.080] [DEBUG] cheese - admin
[2018-03-22T11:53:42.084] [DEBUG] cheese - null
[2018-03-22T11:53:42.084] [DEBUG] cheese - null
[2018-03-22T12:24:52.382] [DEBUG] cheese - login => username:admin,password:123456
[2018-03-22T12:24:52.382] [DEBUG] cheese - admin
[2018-03-22T12:24:52.387] [DEBUG] cheese - null
[2018-03-22T12:24:52.387] [DEBUG] cheese - null
[2018-03-22T12:27:20.502] [DEBUG] cheese - login => username:admin,password:123456
[2018-03-22T12:27:20.502] [DEBUG] cheese - admin
[2018-03-22T12:27:20.506] [DEBUG] cheese - null
[2018-03-22T12:27:20.506] [DEBUG] cheese - null
[2018-03-22T12:27:54.380] [DEBUG] cheese - login => username:admin,password:123456
[2018-03-22T12:27:54.380] [DEBUG] cheese - admin
[2018-03-22T12:27:54.385] [DEBUG] cheese - null
[2018-03-22T12:27:54.385] [DEBUG] cheese - null
[2018-03-22T12:29:33.666] [DEBUG] cheese - login => username:admin,password:123456
[2018-03-22T12:29:33.666] [DEBUG] cheese - admin
[2018-03-22T12:29:33.670] [DEBUG] cheese - null
[2018-03-22T12:29:33.670] [DEBUG] cheese - null
[2018-03-22T12:29:49.327] [DEBUG] cheese - login => username:admin,password:123456
[2018-03-22T12:29:49.327] [DEBUG] cheese - admin
[2018-03-22T12:29:49.331] [DEBUG] cheese - null
[2018-03-22T12:29:49.331] [DEBUG] cheese - null
[2018-03-22T12:36:23.298] [DEBUG] cheese - login => username:admin,password:123456
[2018-03-22T12:36:23.299] [DEBUG] cheese - admin
[2018-03-22T12:36:23.305] [DEBUG] cheese - null
[2018-03-22T12:36:23.305] [DEBUG] cheese - null
[2018-03-22T12:37:23.021] [DEBUG] cheese - login => username:admin,password:123456
[2018-03-22T12:37:23.021] [DEBUG] cheese - admin
[2018-03-22T12:37:23.026] [DEBUG] cheese - null
[2018-03-22T12:37:23.026] [DEBUG] cheese - null
[2018-03-22T12:38:20.140] [DEBUG] cheese - login => username:admin,password:123456
[2018-03-22T12:38:20.140] [DEBUG] cheese - admin
[2018-03-22T12:38:20.145] [DEBUG] cheese - null
[2018-03-22T12:38:20.145] [DEBUG] cheese - null
[2018-03-22T14:24:34.730] [DEBUG] cheese - login => username:admin,password:123456
[2018-03-22T14:24:34.732] [DEBUG] cheese - admin
[2018-03-22T14:24:34.749] [DEBUG] cheese - null
[2018-03-22T14:24:34.751] [DEBUG] cheese - null
[2018-03-22T14:57:38.050] [DEBUG] cheese - login => username:admin,password:123456
[2018-03-22T14:57:38.050] [DEBUG] cheese - admin
[2018-03-22T14:57:38.054] [DEBUG] cheese - null
[2018-03-22T14:57:38.054] [DEBUG] cheese - null
[2018-03-22T14:57:54.218] [DEBUG] cheese - login => username:admin,password:123456
[2018-03-22T14:57:54.219] [DEBUG] cheese - admin
[2018-03-22T14:57:54.223] [DEBUG] cheese - null
[2018-03-22T14:57:54.224] [DEBUG] cheese - null
[2018-03-22T15:03:35.901] [DEBUG] cheese - login => username:admin,password:123456
[2018-03-22T15:03:35.902] [DEBUG] cheese - admin
[2018-03-22T15:03:35.909] [DEBUG] cheese - null
[2018-03-22T15:03:35.909] [DEBUG] cheese - null
[2018-03-22T15:04:38.508] [DEBUG] cheese - login => username:admin,password:123456
[2018-03-22T15:04:38.508] [DEBUG] cheese - admin
[2018-03-22T15:04:38.513] [DEBUG] cheese - null
[2018-03-22T15:04:38.514] [DEBUG] cheese - null
[2018-03-22T15:32:20.046] [DEBUG] cheese - login => username:admin,password:123456
[2018-03-22T15:32:20.047] [DEBUG] cheese - admin
[2018-03-22T15:32:20.052] [DEBUG] cheese - null
[2018-03-22T15:32:20.052] [DEBUG] cheese - null
[2018-03-22T15:32:33.058] [DEBUG] cheese - login => username:admin,password:123456
[2018-03-22T15:32:33.059] [DEBUG] cheese - admin
[2018-03-22T15:32:33.063] [DEBUG] cheese - null
[2018-03-22T15:32:33.063] [DEBUG] cheese - null
[2018-03-22T15:37:09.722] [DEBUG] cheese - login => username:admin,password:123456
[2018-03-22T15:37:09.722] [DEBUG] cheese - admin
[2018-03-22T15:37:09.726] [DEBUG] cheese - null
[2018-03-22T15:37:09.726] [DEBUG] cheese - null
[2018-03-22T15:38:34.710] [DEBUG] cheese - login => username:admin,password:123456
[2018-03-22T15:38:34.710] [DEBUG] cheese - admin
[2018-03-22T15:38:34.715] [DEBUG] cheese - null
[2018-03-22T15:38:34.715] [DEBUG] cheese - null
[2018-03-23T10:03:13.336] [DEBUG] cheese - login => username:admin,password:123456
[2018-03-23T10:03:13.340] [DEBUG] cheese - admin
[2018-03-23T10:03:13.370] [DEBUG] cheese - null
[2018-03-23T10:03:13.371] [DEBUG] cheese - null
[2018-03-23T10:12:58.383] [DEBUG] cheese - login => username:admin,password:123456
[2018-03-23T10:12:58.383] [DEBUG] cheese - admin
[2018-03-23T10:12:58.389] [DEBUG] cheese - null
[2018-03-23T10:12:58.389] [DEBUG] cheese - null
[2018-03-23T10:14:34.586] [DEBUG] cheese - login => username:admin,password:123456
[2018-03-23T10:14:34.586] [DEBUG] cheese - admin
[2018-03-23T10:14:34.591] [DEBUG] cheese - null
[2018-03-23T10:14:34.591] [DEBUG] cheese - null
[2018-03-23T10:16:35.065] [DEBUG] cheese - login => username:admin,password:123456
[2018-03-23T10:16:35.065] [DEBUG] cheese - admin
[2018-03-23T10:16:35.076] [DEBUG] cheese - null
[2018-03-23T10:16:35.076] [DEBUG] cheese - null
[2018-03-23T10:19:19.061] [DEBUG] cheese - login => username:admin,password:123456
[2018-03-23T10:19:19.061] [DEBUG] cheese - admin
[2018-03-23T10:19:19.068] [DEBUG] cheese - null
[2018-03-23T10:19:19.069] [DEBUG] cheese - null
[2018-03-23T10:20:49.740] [DEBUG] cheese - login => username:admin,password:123456
[2018-03-23T10:20:49.740] [DEBUG] cheese - admin
[2018-03-23T10:20:49.745] [DEBUG] cheese - null
[2018-03-23T10:20:49.746] [DEBUG] cheese - null
[2018-03-23T10:22:49.122] [DEBUG] cheese - login => username:admin,password:123456
[2018-03-23T10:22:49.122] [DEBUG] cheese - admin
[2018-03-23T10:22:49.126] [DEBUG] cheese - null
[2018-03-23T10:22:49.127] [DEBUG] cheese - null
[2018-03-23T10:24:10.540] [DEBUG] cheese - login => username:admin,password:123456
[2018-03-23T10:24:10.540] [DEBUG] cheese - admin
[2018-03-23T10:24:10.545] [DEBUG] cheese - null
[2018-03-23T10:24:10.545] [DEBUG] cheese - null
[2018-03-23T10:30:35.851] [DEBUG] cheese - login => username:admin,password:123456
[2018-03-23T10:30:35.851] [DEBUG] cheese - admin
[2018-03-23T10:30:35.858] [DEBUG] cheese - null
[2018-03-23T10:30:35.859] [DEBUG] cheese - null
[2018-03-23T10:31:55.938] [DEBUG] cheese - login => username:admin,password:123456
[2018-03-23T10:31:55.938] [DEBUG] cheese - admin
[2018-03-23T10:31:55.943] [DEBUG] cheese - null
[2018-03-23T10:31:55.943] [DEBUG] cheese - null
[2018-03-23T10:40:38.016] [DEBUG] cheese - login => username:admin,password:123456
[2018-03-23T10:40:38.016] [DEBUG] cheese - admin
[2018-03-23T10:40:38.036] [DEBUG] cheese - null
[2018-03-23T10:40:38.037] [DEBUG] cheese - null
[2018-03-23T10:42:03.928] [DEBUG] cheese - login => username:admin,password:123456
[2018-03-23T10:42:03.928] [DEBUG] cheese - admin
[2018-03-23T10:42:03.933] [DEBUG] cheese - null
[2018-03-23T10:42:03.933] [DEBUG] cheese - null
[2018-03-23T10:55:24.399] [DEBUG] cheese - login => username:admin,password:123456
[2018-03-23T10:55:24.400] [DEBUG] cheese - admin
[2018-03-23T10:55:24.408] [DEBUG] cheese - null
[2018-03-23T10:55:24.409] [DEBUG] cheese - null
[2018-03-23T10:56:46.867] [DEBUG] cheese - login => username:admin,password:123456
[2018-03-23T10:56:46.868] [DEBUG] cheese - admin
[2018-03-23T10:56:46.874] [DEBUG] cheese - null
[2018-03-23T10:56:46.875] [DEBUG] cheese - null
[2019-02-20T17:16:15.139] [DEBUG] cheese - login => username:aesa,password:ad
[2019-02-20T17:16:15.141] [DEBUG] cheese - aesa
[2019-02-20T17:16:15.163] [DEBUG] cheese - null
[2019-02-20T17:16:15.164] [DEBUG] cheese - null
[2019-02-20T17:17:50.189] [DEBUG] cheese - login => username:eaerad,password:asdfa
[2019-02-20T17:17:50.189] [DEBUG] cheese - eaerad
[2019-02-20T17:17:50.194] [DEBUG] cheese - null
[2019-02-20T17:17:50.194] [DEBUG] cheese - null
[2019-02-20T17:18:10.594] [DEBUG] cheese - login => username:admin,password:hhhadfa
[2019-02-20T17:18:10.594] [DEBUG] cheese - admin
[2019-02-20T17:18:10.607] [DEBUG] cheese - null
[2019-02-20T17:18:10.607] [DEBUG] cheese - null
[2019-02-20T17:18:30.246] [DEBUG] cheese - login => username:admin,password:123456
[2019-02-20T17:18:30.246] [DEBUG] cheese - admin
[2019-02-20T17:18:30.250] [DEBUG] cheese - null
[2019-02-20T17:18:30.250] [DEBUG] cheese - null
[2019-02-20T17:21:08.081] [DEBUG] cheese - login => username:ad,password:afa
[2019-02-20T17:21:08.081] [DEBUG] cheese - ad
[2019-02-20T17:21:08.085] [DEBUG] cheese - null
[2019-02-20T17:21:08.085] [DEBUG] cheese - null
[2019-02-20T17:21:16.756] [DEBUG] cheese - login => username:admin,password:123456
[2019-02-20T17:21:16.756] [DEBUG] cheese - admin
[2019-02-20T17:21:16.760] [DEBUG] cheese - null
[2019-02-20T17:21:16.760] [DEBUG] cheese - null
[2019-02-20T17:28:40.901] [DEBUG] cheese - login => username:adadf,password:asdfa
[2019-02-20T17:28:40.901] [DEBUG] cheese - adadf
[2019-02-20T17:28:40.906] [DEBUG] cheese - null
[2019-02-20T17:28:40.906] [DEBUG] cheese - null
[2019-02-20T17:28:41.310] [DEBUG] cheese - login => username:adadf,password:asdfa
[2019-02-20T17:28:41.310] [DEBUG] cheese - adadf
[2019-02-20T17:28:41.313] [DEBUG] cheese - null
[2019-02-20T17:28:41.313] [DEBUG] cheese - null
[2019-02-20T17:28:41.643] [DEBUG] cheese - login => username:adadf,password:asdfa
[2019-02-20T17:28:41.644] [DEBUG] cheese - adadf
[2019-02-20T17:28:41.646] [DEBUG] cheese - null
[2019-02-20T17:28:41.646] [DEBUG] cheese - null
[2019-02-20T17:29:06.644] [DEBUG] cheese - login => username:raeraera,password:erareaer
[2019-02-20T17:29:06.644] [DEBUG] cheese - raeraera
[2019-02-20T17:29:06.648] [DEBUG] cheese - null
[2019-02-20T17:29:06.648] [DEBUG] cheese - null
[2019-02-20T17:29:24.796] [DEBUG] cheese - login => username:adfaf,password:dsaafasf
[2019-02-20T17:29:24.796] [DEBUG] cheese - adfaf
[2019-02-20T17:29:24.799] [DEBUG] cheese - null
[2019-02-20T17:29:24.800] [DEBUG] cheese - null
[2019-02-20T17:31:02.623] [DEBUG] cheese - login => username:admin,password:123456
[2019-02-20T17:31:02.623] [DEBUG] cheese - admin
[2019-02-20T17:31:02.627] [DEBUG] cheese - null
[2019-02-20T17:31:02.627] [DEBUG] cheese - null
[2019-02-20T17:31:23.017] [DEBUG] cheese - login => username:admin,password:123456
[2019-02-20T17:31:23.017] [DEBUG] cheese - admin
[2019-02-20T17:31:23.021] [DEBUG] cheese - null
[2019-02-20T17:31:23.021] [DEBUG] cheese - null
[2019-02-20T17:31:50.243] [DEBUG] cheese - login => username:admin,password:123456
[2019-02-20T17:31:50.243] [DEBUG] cheese - admin
[2019-02-20T17:31:50.246] [DEBUG] cheese - null
[2019-02-20T17:31:50.246] [DEBUG] cheese - null
[2019-02-20T17:31:50.697] [DEBUG] cheese - login => username:admin,password:123456
[2019-02-20T17:31:50.698] [DEBUG] cheese - admin
[2019-02-20T17:31:50.701] [DEBUG] cheese - null
[2019-02-20T17:31:50.701] [DEBUG] cheese - null
[2019-02-20T17:31:56.112] [DEBUG] cheese - login => username:admin,password:eee
[2019-02-20T17:31:56.113] [DEBUG] cheese - admin
[2019-02-20T17:31:56.119] [DEBUG] cheese - null
[2019-02-20T17:31:56.119] [DEBUG] cheese - null
[2019-02-20T17:33:52.183] [DEBUG] cheese - login => username:daf,password:afa
[2019-02-20T17:33:52.183] [DEBUG] cheese - daf
[2019-02-20T17:33:52.186] [DEBUG] cheese - null
[2019-02-20T17:33:52.186] [DEBUG] cheese - null
[2019-02-20T17:33:59.084] [DEBUG] cheese - login => username:admin,password:123456
[2019-02-20T17:33:59.084] [DEBUG] cheese - admin
[2019-02-20T17:33:59.090] [DEBUG] cheese - null
[2019-02-20T17:33:59.090] [DEBUG] cheese - null
[2019-02-20T17:34:01.428] [DEBUG] cheese - login => username:admin,password:d
[2019-02-20T17:34:01.428] [DEBUG] cheese - admin
[2019-02-20T17:34:01.431] [DEBUG] cheese - null
[2019-02-20T17:34:01.431] [DEBUG] cheese - null
[2019-02-20T17:34:03.872] [DEBUG] cheese - login => username:admin,password:ddad
[2019-02-20T17:34:03.872] [DEBUG] cheese - admin
[2019-02-20T17:34:03.877] [DEBUG] cheese - null
[2019-02-20T17:34:03.877] [DEBUG] cheese - null
[2019-02-20T17:39:23.137] [DEBUG] cheese - login => username:admin,password:123456
[2019-02-20T17:39:23.137] [DEBUG] cheese - admin
[2019-02-20T17:39:23.141] [DEBUG] cheese - null
[2019-02-20T17:39:23.141] [DEBUG] cheese - null
[2019-02-20T17:39:41.440] [DEBUG] cheese - login => username:admin,password:123456
[2019-02-20T17:39:41.441] [DEBUG] cheese - admin
[2019-02-20T17:39:41.446] [DEBUG] cheese - null
[2019-02-20T17:39:41.447] [DEBUG] cheese - null
[2019-02-20T17:39:56.757] [DEBUG] cheese - login => username:admin,password:123456
[2019-02-20T17:39:56.757] [DEBUG] cheese - admin
[2019-02-20T17:39:56.762] [DEBUG] cheese - null
[2019-02-20T17:39:56.762] [DEBUG] cheese - null
[2019-02-20T17:40:14.435] [DEBUG] cheese - login => username:admin,password:123456
[2019-02-20T17:40:14.435] [DEBUG] cheese - admin
[2019-02-20T17:40:14.440] [DEBUG] cheese - null
[2019-02-20T17:40:14.440] [DEBUG] cheese - null
[2019-02-20T17:40:39.074] [DEBUG] cheese - login => username:admin,password:123456
[2019-02-20T17:40:39.074] [DEBUG] cheese - admin
[2019-02-20T17:40:39.077] [DEBUG] cheese - null
[2019-02-20T17:40:39.077] [DEBUG] cheese - null
[2019-02-21T11:35:17.166] [DEBUG] cheese - login => username:admin,password:123456
[2019-02-21T11:35:17.169] [DEBUG] cheese - admin
[2019-02-21T11:35:17.245] [DEBUG] cheese - null
[2019-02-21T11:35:17.246] [DEBUG] cheese - null
[2019-02-21T11:37:21.856] [DEBUG] cheese - login => username:admin,password:123456
[2019-02-21T11:37:21.857] [DEBUG] cheese - admin
[2019-02-21T11:37:21.865] [DEBUG] cheese - null
[2019-02-21T11:37:21.865] [DEBUG] cheese - null
[2019-02-21T11:39:19.665] [DEBUG] cheese - login => username:admin,password:123456
[2019-02-21T11:39:19.665] [DEBUG] cheese - admin
[2019-02-21T11:39:19.670] [DEBUG] cheese - null
[2019-02-21T11:39:19.671] [DEBUG] cheese - null
[2019-02-21T11:39:57.162] [DEBUG] cheese - login => username:admin,password:123456
[2019-02-21T11:39:57.162] [DEBUG] cheese - admin
[2019-02-21T11:39:57.167] [DEBUG] cheese - null
[2019-02-21T11:39:57.167] [DEBUG] cheese - null
[2019-02-21T11:44:17.622] [DEBUG] cheese - login => username:admin,password:123456
[2019-02-21T11:44:17.622] [DEBUG] cheese - admin
[2019-02-21T11:44:17.629] [DEBUG] cheese - null
[2019-02-21T11:44:17.630] [DEBUG] cheese - null
[2019-02-21T11:58:43.704] [DEBUG] cheese - login => username:admin,password:123456
[2019-02-21T11:58:43.704] [DEBUG] cheese - admin
[2019-02-21T11:58:43.708] [DEBUG] cheese - null
[2019-02-21T11:58:43.709] [DEBUG] cheese - null
[2019-02-21T11:59:29.594] [DEBUG] cheese - login => username:admin,password:123456
[2019-02-21T11:59:29.594] [DEBUG] cheese - admin
[2019-02-21T11:59:29.601] [DEBUG] cheese - null
[2019-02-21T11:59:29.601] [DEBUG] cheese - null
[2019-02-21T12:01:34.901] [DEBUG] cheese - login => username:admin,password:123456
[2019-02-21T12:01:34.901] [DEBUG] cheese - admin
[2019-02-21T12:01:34.908] [DEBUG] cheese - null
[2019-02-21T12:01:34.908] [DEBUG] cheese - null
[2019-02-21T12:15:36.392] [DEBUG] cheese - login => username:admin,password:123456
[2019-02-21T12:15:36.392] [DEBUG] cheese - admin
[2019-02-21T12:15:36.397] [DEBUG] cheese - null
[2019-02-21T12:15:36.397] [DEBUG] cheese - null
[2019-02-21T15:23:15.430] [DEBUG] cheese - login => username:admin,password:123456
[2019-02-21T15:23:15.431] [DEBUG] cheese - admin
[2019-02-21T15:23:15.435] [DEBUG] cheese - null
[2019-02-21T15:23:15.436] [DEBUG] cheese - null
[2019-02-21T16:59:07.913] [DEBUG] cheese - login => username:admin,password:123456
[2019-02-21T16:59:07.913] [DEBUG] cheese - admin
[2019-02-21T16:59:07.916] [DEBUG] cheese - null
[2019-02-21T16:59:07.916] [DEBUG] cheese - null
[2019-02-21T17:03:02.280] [DEBUG] cheese - login => username:admin,password:123456
[2019-02-21T17:03:02.280] [DEBUG] cheese - admin
[2019-02-21T17:03:02.285] [DEBUG] cheese - null
[2019-02-21T17:03:02.285] [DEBUG] cheese - null
[2019-02-21T19:25:16.882] [DEBUG] cheese - login => username:admin,password:123456
[2019-02-21T19:25:16.882] [DEBUG] cheese - admin
[2019-02-21T19:25:16.885] [DEBUG] cheese - null
[2019-02-21T19:25:16.886] [DEBUG] cheese - null
[2019-02-21T19:28:21.600] [DEBUG] cheese - login => username:admin,password:123456
[2019-02-21T19:28:21.600] [DEBUG] cheese - admin
[2019-02-21T19:28:21.603] [DEBUG] cheese - null
[2019-02-21T19:28:21.604] [DEBUG] cheese - null
[2019-02-21T19:32:48.985] [DEBUG] cheese - login => username:admin,password:123456
[2019-02-21T19:32:48.985] [DEBUG] cheese - admin
[2019-02-21T19:32:48.989] [DEBUG] cheese - null
[2019-02-21T19:32:48.990] [DEBUG] cheese - null
[2019-02-21T19:46:12.659] [DEBUG] cheese - login => username:admin,password:123456
[2019-02-21T19:46:12.659] [DEBUG] cheese - admin
[2019-02-21T19:46:12.662] [DEBUG] cheese - null
[2019-02-21T19:46:12.662] [DEBUG] cheese - null
[2019-02-21T19:46:21.435] [DEBUG] cheese - login => username:admin,password:123456
[2019-02-21T19:46:21.435] [DEBUG] cheese - admin
[2019-02-21T19:46:21.440] [DEBUG] cheese - null
[2019-02-21T19:46:21.440] [DEBUG] cheese - null
[2019-02-21T19:48:18.980] [DEBUG] cheese - login => username:admin,password:123456
[2019-02-21T19:48:18.980] [DEBUG] cheese - admin
[2019-02-21T19:48:18.983] [DEBUG] cheese - null
[2019-02-21T19:48:18.984] [DEBUG] cheese - null
[2019-02-21T19:48:50.469] [DEBUG] cheese - login => username:admin,password:123456
[2019-02-21T19:48:50.469] [DEBUG] cheese - admin
[2019-02-21T19:48:50.472] [DEBUG] cheese - null
[2019-02-21T19:48:50.473] [DEBUG] cheese - null
[2019-02-21T20:05:08.820] [DEBUG] cheese - login => username:admin,password:123456
[2019-02-21T20:05:08.820] [DEBUG] cheese - admin
[2019-02-21T20:05:08.824] [DEBUG] cheese - null
[2019-02-21T20:05:08.824] [DEBUG] cheese - null
[2019-02-21T20:06:53.509] [DEBUG] cheese - login => username:admin,password:123456
[2019-02-21T20:06:53.509] [DEBUG] cheese - admin
[2019-02-21T20:06:53.514] [DEBUG] cheese - null
[2019-02-21T20:06:53.514] [DEBUG] cheese - null
[2019-02-21T20:11:37.582] [DEBUG] cheese - login => username:admin,password:123456
[2019-02-21T20:11:37.582] [DEBUG] cheese - admin
[2019-02-21T20:11:37.585] [DEBUG] cheese - null
[2019-02-21T20:11:37.585] [DEBUG] cheese - null
[2019-02-21T20:21:56.039] [DEBUG] cheese - login => username:admin,password:123456
[2019-02-21T20:21:56.040] [DEBUG] cheese - admin
[2019-02-21T20:21:56.043] [DEBUG] cheese - null
[2019-02-21T20:21:56.043] [DEBUG] cheese - null
[2019-02-21T20:23:15.001] [DEBUG] cheese - login => username:admin,password:123456
[2019-02-21T20:23:15.001] [DEBUG] cheese - admin
[2019-02-21T20:23:15.006] [DEBUG] cheese - null
[2019-02-21T20:23:15.006] [DEBUG] cheese - null
[2019-02-21T20:24:01.668] [DEBUG] cheese - login => username:admin,password:123456
[2019-02-21T20:24:01.668] [DEBUG] cheese - admin
[2019-02-21T20:24:01.671] [DEBUG] cheese - null
[2019-02-21T20:24:01.671] [DEBUG] cheese - null
[2019-02-21T20:24:34.403] [DEBUG] cheese - login => username:admin,password:123456
[2019-02-21T20:24:34.403] [DEBUG] cheese - admin
[2019-02-21T20:24:34.407] [DEBUG] cheese - null
[2019-02-21T20:24:34.407] [DEBUG] cheese - null
[2019-02-21T20:24:53.570] [DEBUG] cheese - login => username:admin,password:123456
[2019-02-21T20:24:53.570] [DEBUG] cheese - admin
[2019-02-21T20:24:53.575] [DEBUG] cheese - null
[2019-02-21T20:24:53.575] [DEBUG] cheese - null
[2019-02-21T20:27:38.991] [DEBUG] cheese - login => username:admin,password:123456
[2019-02-21T20:27:38.991] [DEBUG] cheese - admin
[2019-02-21T20:27:38.997] [DEBUG] cheese - null
[2019-02-21T20:27:38.997] [DEBUG] cheese - null
[2019-02-21T21:09:58.101] [DEBUG] cheese - login => username:admin,password:123456
[2019-02-21T21:09:58.101] [DEBUG] cheese - admin
[2019-02-21T21:09:58.104] [DEBUG] cheese - null
[2019-02-21T21:09:58.104] [DEBUG] cheese - null
[2019-02-21T21:21:45.587] [DEBUG] cheese - login => username:admin,password:123456
[2019-02-21T21:21:45.588] [DEBUG] cheese - admin
[2019-02-21T21:21:45.591] [DEBUG] cheese - null
[2019-02-21T21:21:45.591] [DEBUG] cheese - null
[2019-02-21T21:23:43.864] [DEBUG] cheese - login => username:admin,password:123456
[2019-02-21T21:23:43.864] [DEBUG] cheese - admin
[2019-02-21T21:23:43.867] [DEBUG] cheese - null
[2019-02-21T21:23:43.867] [DEBUG] cheese - null
[2019-02-21T21:30:22.655] [DEBUG] cheese - login => username:admin,password:123456
[2019-02-21T21:30:22.655] [DEBUG] cheese - admin
[2019-02-21T21:30:22.660] [DEBUG] cheese - null
[2019-02-21T21:30:22.660] [DEBUG] cheese - null
[2019-02-21T21:39:24.838] [DEBUG] cheese - login => username:admin,password:123456
[2019-02-21T21:39:24.838] [DEBUG] cheese - admin
[2019-02-21T21:39:24.843] [DEBUG] cheese - null
[2019-02-21T21:39:24.843] [DEBUG] cheese - null
[2019-02-21T21:40:04.410] [DEBUG] cheese - login => username:admin,password:123456
[2019-02-21T21:40:04.410] [DEBUG] cheese - admin
[2019-02-21T21:40:04.413] [DEBUG] cheese - null
[2019-02-21T21:40:04.413] [DEBUG] cheese - null
[2019-02-21T21:42:04.109] [DEBUG] cheese - login => username:admin,password:123456
[2019-02-21T21:42:04.109] [DEBUG] cheese - admin
[2019-02-21T21:42:04.114] [DEBUG] cheese - null
[2019-02-21T21:42:04.114] [DEBUG] cheese - null
[2019-02-21T21:43:42.027] [DEBUG] cheese - login => username:admin,password:123456
[2019-02-21T21:43:42.027] [DEBUG] cheese - admin
[2019-02-21T21:43:42.031] [DEBUG] cheese - null
[2019-02-21T21:43:42.032] [DEBUG] cheese - null
[2019-02-21T21:45:31.315] [DEBUG] cheese - login => username:admin,password:123456
[2019-02-21T21:45:31.315] [DEBUG] cheese - admin
[2019-02-21T21:45:31.318] [DEBUG] cheese - null
[2019-02-21T21:45:31.318] [DEBUG] cheese - null
[2019-02-21T21:47:20.001] [DEBUG] cheese - login => username:admin,password:123456
[2019-02-21T21:47:20.001] [DEBUG] cheese - admin
[2019-02-21T21:47:20.004] [DEBUG] cheese - null
[2019-02-21T21:47:20.004] [DEBUG] cheese - null
[2019-02-21T21:49:06.115] [DEBUG] cheese - login => username:admin,password:123456
[2019-02-21T21:49:06.115] [DEBUG] cheese - admin
[2019-02-21T21:49:06.121] [DEBUG] cheese - null
[2019-02-21T21:49:06.121] [DEBUG] cheese - null
[2019-02-21T21:50:06.071] [DEBUG] cheese - login => username:admin,password:123456
[2019-02-21T21:50:06.071] [DEBUG] cheese - admin
[2019-02-21T21:50:06.075] [DEBUG] cheese - null
[2019-02-21T21:50:06.075] [DEBUG] cheese - null
[2019-02-21T21:51:05.322] [DEBUG] cheese - login => username:admin,password:123456
[2019-02-21T21:51:05.322] [DEBUG] cheese - admin
[2019-02-21T21:51:05.327] [DEBUG] cheese - null
[2019-02-21T21:51:05.327] [DEBUG] cheese - null
[2019-02-21T21:53:57.329] [DEBUG] cheese - login => username:admin,password:123456
[2019-02-21T21:53:57.329] [DEBUG] cheese - admin
[2019-02-21T21:53:57.332] [DEBUG] cheese - null
[2019-02-21T21:53:57.332] [DEBUG] cheese - null
[2019-02-21T21:54:29.259] [DEBUG] cheese - login => username:admin,password:123456
[2019-02-21T21:54:29.259] [DEBUG] cheese - admin
[2019-02-21T21:54:29.263] [DEBUG] cheese - null
[2019-02-21T21:54:29.263] [DEBUG] cheese - null
[2019-02-21T21:55:48.480] [DEBUG] cheese - login => username:admin,password:123456
[2019-02-21T21:55:48.480] [DEBUG] cheese - admin
[2019-02-21T21:55:48.485] [DEBUG] cheese - null
[2019-02-21T21:55:48.485] [DEBUG] cheese - null
[2019-02-21T21:56:03.893] [DEBUG] cheese - login => username:admin,password:123456
[2019-02-21T21:56:03.893] [DEBUG] cheese - admin
[2019-02-21T21:56:03.896] [DEBUG] cheese - null
[2019-02-21T21:56:03.896] [DEBUG] cheese - null
[2019-02-21T21:57:52.925] [DEBUG] cheese - login => username:admin,password:123456
[2019-02-21T21:57:52.925] [DEBUG] cheese - admin
[2019-02-21T21:57:52.929] [DEBUG] cheese - null
[2019-02-21T21:57:52.929] [DEBUG] cheese - null
[2019-02-21T22:00:34.576] [DEBUG] cheese - login => username:admin,password:123456
[2019-02-21T22:00:34.576] [DEBUG] cheese - admin
[2019-02-21T22:00:34.580] [DEBUG] cheese - null
[2019-02-21T22:00:34.580] [DEBUG] cheese - null
[2019-02-21T22:00:54.712] [DEBUG] cheese - login => username:admin,password:123456
[2019-02-21T22:00:54.712] [DEBUG] cheese - admin
[2019-02-21T22:00:54.715] [DEBUG] cheese - null
[2019-02-21T22:00:54.716] [DEBUG] cheese - null
[2019-02-21T22:07:28.347] [DEBUG] cheese - login => username:admin,password:123456
[2019-02-21T22:07:28.348] [DEBUG] cheese - admin
[2019-02-21T22:07:28.350] [DEBUG] cheese - null
[2019-02-21T22:07:28.351] [DEBUG] cheese - null
[2019-02-21T22:10:49.132] [DEBUG] cheese - login => username:admin,password:123456
[2019-02-21T22:10:49.133] [DEBUG] cheese - admin
[2019-02-21T22:10:49.136] [DEBUG] cheese - null
[2019-02-21T22:10:49.136] [DEBUG] cheese - null
[2019-02-21T22:15:42.070] [DEBUG] cheese - login => username:admin,password:123456
[2019-02-21T22:15:42.070] [DEBUG] cheese - admin
[2019-02-21T22:15:42.073] [DEBUG] cheese - null
[2019-02-21T22:15:42.073] [DEBUG] cheese - null
[2019-02-21T22:30:21.690] [DEBUG] cheese - login => username:admin,password:123456
[2019-02-21T22:30:21.690] [DEBUG] cheese - admin
[2019-02-21T22:30:21.693] [DEBUG] cheese - null
[2019-02-21T22:30:21.694] [DEBUG] cheese - null
[2019-02-21T22:40:11.690] [DEBUG] cheese - login => username:admin,password:123456
[2019-02-21T22:40:11.690] [DEBUG] cheese - admin
[2019-02-21T22:40:11.693] [DEBUG] cheese - null
[2019-02-21T22:40:11.693] [DEBUG] cheese - null
[2019-02-21T22:40:31.450] [DEBUG] cheese - login => username:admin,password:123456
[2019-02-21T22:40:31.450] [DEBUG] cheese - admin
[2019-02-21T22:40:31.454] [DEBUG] cheese - null
[2019-02-21T22:40:31.454] [DEBUG] cheese - null
[2019-02-21T22:40:37.769] [DEBUG] cheese - login => username:adnub,password:44545
[2019-02-21T22:40:37.769] [DEBUG] cheese - adnub
[2019-02-21T22:40:37.771] [DEBUG] cheese - null
[2019-02-21T22:40:37.771] [DEBUG] cheese - null
[2019-02-21T22:46:57.486] [DEBUG] cheese - login => username:admin,password:123456
[2019-02-21T22:46:57.486] [DEBUG] cheese - admin
[2019-02-21T22:46:57.490] [DEBUG] cheese - null
[2019-02-21T22:46:57.490] [DEBUG] cheese - null
[2019-02-21T22:57:16.113] [DEBUG] cheese - login => username:admin,password:123456
[2019-02-21T22:57:16.113] [DEBUG] cheese - admin
[2019-02-21T22:57:16.116] [DEBUG] cheese - null
[2019-02-21T22:57:16.116] [DEBUG] cheese - null
[2019-02-21T23:10:31.989] [DEBUG] cheese - login => username:admin,password:1234566
[2019-02-21T23:10:31.989] [DEBUG] cheese - admin
[2019-02-21T23:10:31.992] [DEBUG] cheese - null
[2019-02-21T23:10:31.993] [DEBUG] cheese - null
[2019-02-21T23:10:36.741] [DEBUG] cheese - login => username:admin,password:123456
[2019-02-21T23:10:36.741] [DEBUG] cheese - admin
[2019-02-21T23:10:36.744] [DEBUG] cheese - null
[2019-02-21T23:10:36.744] [DEBUG] cheese - null
[2019-02-21T23:21:55.734] [DEBUG] cheese - login => username:admin,password:123456
[2019-02-21T23:21:55.735] [DEBUG] cheese - admin
[2019-02-21T23:21:55.738] [DEBUG] cheese - null
[2019-02-21T23:21:55.738] [DEBUG] cheese - null
[2019-02-22T11:39:44.058] [DEBUG] cheese - login => username:admin,password:123456
[2019-02-22T11:39:44.060] [DEBUG] cheese - admin
[2019-02-22T11:39:44.179] [DEBUG] cheese - null
[2019-02-22T11:39:44.181] [DEBUG] cheese - null
[2019-02-22T15:09:01.811] [DEBUG] cheese - login => username:admin,password:123456
[2019-02-22T15:09:01.811] [DEBUG] cheese - admin
[2019-02-22T15:09:01.816] [DEBUG] cheese - null
[2019-02-22T15:09:01.816] [DEBUG] cheese - null
[2019-02-22T16:21:35.227] [DEBUG] cheese - login => username:admin,password:123456
[2019-02-22T16:21:35.227] [DEBUG] cheese - admin
[2019-02-22T16:21:35.232] [DEBUG] cheese - null
[2019-02-22T16:21:35.232] [DEBUG] cheese - null
[2019-02-22T21:59:05.122] [DEBUG] cheese - login => username:admin,password:123456
[2019-02-22T21:59:05.122] [DEBUG] cheese - admin
[2019-02-22T21:59:05.125] [DEBUG] cheese - null
[2019-02-22T21:59:05.125] [DEBUG] cheese - null
[2019-02-22T22:12:40.174] [DEBUG] cheese - login => username:admin,password:123456
[2019-02-22T22:12:40.174] [DEBUG] cheese - admin
[2019-02-22T22:12:40.177] [DEBUG] cheese - null
[2019-02-22T22:12:40.177] [DEBUG] cheese - null
[2019-02-22T22:17:12.165] [DEBUG] cheese - login => username:admin,password:123456
[2019-02-22T22:17:12.165] [DEBUG] cheese - admin
[2019-02-22T22:17:12.169] [DEBUG] cheese - null
[2019-02-22T22:17:12.169] [DEBUG] cheese - null
[2019-02-22T22:25:19.056] [DEBUG] cheese - login => username:admin,password:123456
[2019-02-22T22:25:19.058] [DEBUG] cheese - admin
[2019-02-22T22:25:19.086] [DEBUG] cheese - null
[2019-02-22T22:25:19.088] [DEBUG] cheese - null
[2019-02-22T22:31:50.921] [DEBUG] cheese - login => username:admin,password:123456
[2019-02-22T22:31:50.921] [DEBUG] cheese - admin
[2019-02-22T22:31:50.928] [DEBUG] cheese - null
[2019-02-22T22:31:50.928] [DEBUG] cheese - null
[2019-02-23T00:03:47.090] [DEBUG] cheese - login => username:admin,password:123456
[2019-02-23T00:03:47.090] [DEBUG] cheese - admin
[2019-02-23T00:03:47.095] [DEBUG] cheese - null
[2019-02-23T00:03:47.095] [DEBUG] cheese - null
[2019-02-23T00:04:23.465] [DEBUG] cheese - login => username:admin,password:123456
[2019-02-23T00:04:23.466] [DEBUG] cheese - admin
[2019-02-23T00:04:23.468] [DEBUG] cheese - null
[2019-02-23T00:04:23.468] [DEBUG] cheese - null
[2019-02-23T00:05:31.115] [DEBUG] cheese - login => username:admin,password:123456
[2019-02-23T00:05:31.115] [DEBUG] cheese - admin
[2019-02-23T00:05:31.118] [DEBUG] cheese - null
[2019-02-23T00:05:31.118] [DEBUG] cheese - null
[2019-02-23T11:53:43.000] [DEBUG] cheese - login => username:admin,password:123456
[2019-02-23T11:53:43.002] [DEBUG] cheese - admin
[2019-02-23T11:53:43.085] [DEBUG] cheese - null
[2019-02-23T11:53:43.086] [DEBUG] cheese - null
[2019-02-23T12:18:28.366] [DEBUG] cheese - login => username:admin,password:123456
[2019-02-23T12:18:28.367] [DEBUG] cheese - admin
[2019-02-23T12:18:28.374] [DEBUG] cheese - null
[2019-02-23T12:18:28.375] [DEBUG] cheese - null
[2019-02-23T13:11:53.534] [DEBUG] cheese - login => username:admin,password:123456
[2019-02-23T13:11:53.534] [DEBUG] cheese - admin
[2019-02-23T13:11:53.540] [DEBUG] cheese - null
[2019-02-23T13:11:53.540] [DEBUG] cheese - null
[2019-02-23T13:12:12.767] [DEBUG] cheese - login => username:admin,password:123456
[2019-02-23T13:12:12.767] [DEBUG] cheese - admin
[2019-02-23T13:12:12.775] [DEBUG] cheese - null
[2019-02-23T13:12:12.775] [DEBUG] cheese - null
[2019-02-23T17:45:47.868] [DEBUG] cheese - null
[2019-02-23T17:47:55.516] [DEBUG] cheese - null
[2019-02-23T17:48:48.899] [DEBUG] cheese - null
[2019-02-23T17:49:08.842] [DEBUG] cheese - null
[2019-02-23T17:50:34.495] [DEBUG] cheese - null
[2019-02-23T17:52:18.402] [DEBUG] cheese - null
[2019-02-23T17:52:29.287] [DEBUG] cheese - null
[2019-02-23T17:52:32.046] [DEBUG] cheese - null
[2019-02-23T21:24:12.969] [DEBUG] cheese - null
[2019-02-23T21:49:23.817] [DEBUG] cheese - login => username:admin,password:123456
[2019-02-23T21:49:23.818] [DEBUG] cheese - admin
[2019-02-23T21:49:23.823] [DEBUG] cheese - null
[2019-02-23T21:49:23.823] [DEBUG] cheese - null
[2019-02-24T10:24:12.337] [DEBUG] cheese - login => username:admin,password:123456
[2019-02-24T10:24:12.339] [DEBUG] cheese - admin
[2019-02-24T10:24:12.436] [DEBUG] cheese - null
[2019-02-24T10:24:12.438] [DEBUG] cheese - null
[2019-02-24T16:45:13.069] [DEBUG] cheese - login => username:admin,password:123456
[2019-02-24T16:45:13.069] [DEBUG] cheese - admin
[2019-02-24T16:45:13.073] [DEBUG] cheese - null
[2019-02-24T16:45:13.073] [DEBUG] cheese - null
[2019-02-24T17:22:22.184] [DEBUG] cheese - login => username:admin,password:1234556
[2019-02-24T17:22:22.184] [DEBUG] cheese - admin
[2019-02-24T17:22:22.190] [DEBUG] cheese - null
[2019-02-24T17:22:22.192] [DEBUG] cheese - null
[2019-02-24T17:22:25.425] [DEBUG] cheese - login => username:admin,password:123456
[2019-02-24T17:22:25.425] [DEBUG] cheese - admin
[2019-02-24T17:22:25.429] [DEBUG] cheese - null
[2019-02-24T17:22:25.429] [DEBUG] cheese - null
[2019-02-24T20:47:50.233] [DEBUG] cheese - login => username:admin,password:123456
[2019-02-24T20:47:50.233] [DEBUG] cheese - admin
[2019-02-24T20:47:50.236] [DEBUG] cheese - null
[2019-02-24T20:47:50.236] [DEBUG] cheese - null
[2019-02-24T20:50:15.878] [DEBUG] cheese - login => username:admin,password:123456
[2019-02-24T20:50:15.879] [DEBUG] cheese - admin
[2019-02-24T20:50:15.883] [DEBUG] cheese - null
[2019-02-24T20:50:15.883] [DEBUG] cheese - null
[2019-02-24T21:35:33.233] [DEBUG] cheese - login => username:yaogengzhu1,password:123456
[2019-02-24T21:35:33.233] [DEBUG] cheese - yaogengzhu1
[2019-02-24T21:35:33.241] [DEBUG] cheese - null
[2019-02-24T21:35:33.241] [DEBUG] cheese - null
[2019-02-24T21:35:42.063] [DEBUG] cheese - login => username:admin,password:123456
[2019-02-24T21:35:42.063] [DEBUG] cheese - admin
[2019-02-24T21:35:42.067] [DEBUG] cheese - null
[2019-02-24T21:35:42.068] [DEBUG] cheese - null
[2019-02-25T10:21:41.910] [DEBUG] cheese - login => username:admin,password:123456
[2019-02-25T10:21:41.912] [DEBUG] cheese - admin
[2019-02-25T10:21:42.013] [DEBUG] cheese - null
[2019-02-25T10:21:42.014] [DEBUG] cheese - null
[2019-02-25T21:49:25.532] [DEBUG] cheese - login => username:admin,password:123456
[2019-02-25T21:49:25.536] [DEBUG] cheese - admin
[2019-02-25T21:49:25.697] [DEBUG] cheese - null
[2019-02-25T21:49:25.700] [DEBUG] cheese - null
[2019-02-26T10:02:49.947] [DEBUG] cheese - login => username:admin,password:123456
[2019-02-26T10:02:49.950] [DEBUG] cheese - admin
[2019-02-26T10:02:50.044] [DEBUG] cheese - null
[2019-02-26T10:02:50.045] [DEBUG] cheese - null
[2019-02-26T14:43:38.443] [DEBUG] cheese - login => username:admin,password:123456
[2019-02-26T14:43:38.443] [DEBUG] cheese - admin
[2019-02-26T14:43:38.450] [DEBUG] cheese - null
[2019-02-26T14:43:38.450] [DEBUG] cheese - null
[2019-02-26T21:52:52.789] [DEBUG] cheese - login => username:admin,password:123456
[2019-02-26T21:52:52.791] [DEBUG] cheese - admin
[2019-02-26T21:52:52.812] [DEBUG] cheese - null
[2019-02-26T21:52:52.814] [DEBUG] cheese - null
[2019-02-27T09:05:23.578] [DEBUG] cheese - login => username:admin,password:123456
[2019-02-27T09:05:23.579] [DEBUG] cheese - admin
[2019-02-27T09:05:23.678] [DEBUG] cheese - null
[2019-02-27T09:05:23.679] [DEBUG] cheese - null
[2019-02-27T16:39:49.984] [DEBUG] cheese - login => username:admin,password:123456
[2019-02-27T16:39:49.987] [DEBUG] cheese - admin
[2019-02-27T16:39:50.079] [DEBUG] cheese - null
[2019-02-27T16:39:50.080] [DEBUG] cheese - null
[2019-02-27T19:40:14.858] [DEBUG] cheese - login => username:admin,password:123456
[2019-02-27T19:40:14.858] [DEBUG] cheese - admin
[2019-02-27T19:40:14.863] [DEBUG] cheese - null
[2019-02-27T19:40:14.864] [DEBUG] cheese - null
[2019-02-27T19:48:05.126] [DEBUG] cheese - login => username:admin,password:123456
[2019-02-27T19:48:05.126] [DEBUG] cheese - admin
[2019-02-27T19:48:05.130] [DEBUG] cheese - null
[2019-02-27T19:48:05.131] [DEBUG] cheese - null
[2019-02-27T20:03:10.208] [DEBUG] cheese - login => username:admin,password:123456
[2019-02-27T20:03:10.208] [DEBUG] cheese - admin
[2019-02-27T20:03:10.213] [DEBUG] cheese - null
[2019-02-27T20:03:10.213] [DEBUG] cheese - null
[2019-03-01T22:54:06.159] [DEBUG] cheese - login => username:admin,password:123456
[2019-03-01T22:54:06.162] [DEBUG] cheese - admin
[2019-03-01T22:54:06.351] [DEBUG] cheese - null
[2019-03-01T22:54:06.353] [DEBUG] cheese - null
[2019-03-01T22:54:52.695] [DEBUG] cheese - login => username:admin,password:123456
[2019-03-01T22:54:52.695] [DEBUG] cheese - admin
[2019-03-01T22:54:52.701] [DEBUG] cheese - null
[2019-03-01T22:54:52.701] [DEBUG] cheese - null
[2019-03-01T22:56:59.697] [DEBUG] cheese - login => username:admin,password:123456
[2019-03-01T22:56:59.697] [DEBUG] cheese - admin
[2019-03-01T22:56:59.701] [DEBUG] cheese - null
[2019-03-01T22:56:59.701] [DEBUG] cheese - null
[2019-03-01T22:58:15.792] [DEBUG] cheese - login => username:admin,password:123456
[2019-03-01T22:58:15.793] [DEBUG] cheese - admin
[2019-03-01T22:58:15.799] [DEBUG] cheese - null
[2019-03-01T22:58:15.799] [DEBUG] cheese - null
[2019-03-01T22:59:50.438] [DEBUG] cheese - login => username:admin,password:123456
[2019-03-01T22:59:50.439] [DEBUG] cheese - admin
[2019-03-01T22:59:50.445] [DEBUG] cheese - null
[2019-03-01T22:59:50.446] [DEBUG] cheese - null
[2019-03-01T22:59:53.396] [DEBUG] cheese - login => username:admin,password:1234565
[2019-03-01T22:59:53.397] [DEBUG] cheese - admin
[2019-03-01T22:59:53.402] [DEBUG] cheese - null
[2019-03-01T22:59:53.402] [DEBUG] cheese - null
[2019-03-01T23:00:12.197] [DEBUG] cheese - login => username:ewa,password:eaeeee36
[2019-03-01T23:00:12.197] [DEBUG] cheese - ewa
[2019-03-01T23:00:12.202] [DEBUG] cheese - null
[2019-03-01T23:00:12.202] [DEBUG] cheese - null
[2019-03-01T23:00:46.347] [DEBUG] cheese - login => username:admin,password:123456
[2019-03-01T23:00:46.347] [DEBUG] cheese - admin
[2019-03-01T23:00:46.352] [DEBUG] cheese - null
[2019-03-01T23:00:46.352] [DEBUG] cheese - null
[2019-03-01T23:03:03.152] [DEBUG] cheese - login => username:admin,password:123456
[2019-03-01T23:03:03.152] [DEBUG] cheese - admin
[2019-03-01T23:03:03.157] [DEBUG] cheese - null
[2019-03-01T23:03:03.158] [DEBUG] cheese - null
[2019-03-01T23:05:13.823] [DEBUG] cheese - login => username:admin,password:123456
[2019-03-01T23:05:13.823] [DEBUG] cheese - admin
[2019-03-01T23:05:13.827] [DEBUG] cheese - null
[2019-03-01T23:05:13.827] [DEBUG] cheese - null
[2019-03-01T23:07:16.802] [DEBUG] cheese - login => username:admin,password:123456
[2019-03-01T23:07:16.802] [DEBUG] cheese - admin
[2019-03-01T23:07:16.808] [DEBUG] cheese - null
[2019-03-01T23:07:16.808] [DEBUG] cheese - null
[2019-03-01T23:31:40.652] [DEBUG] cheese - login => username:admin,password:123456
[2019-03-01T23:31:40.653] [DEBUG] cheese - admin
[2019-03-01T23:31:40.656] [DEBUG] cheese - null
[2019-03-01T23:31:40.656] [DEBUG] cheese - null
[2019-03-01T23:32:03.070] [DEBUG] cheese - login => username:admin,password:123456
[2019-03-01T23:32:03.071] [DEBUG] cheese - admin
[2019-03-01T23:32:03.078] [DEBUG] cheese - null
[2019-03-01T23:32:03.078] [DEBUG] cheese - null
[2019-03-01T23:42:32.546] [DEBUG] cheese - login => username:admin,password:123456
[2019-03-01T23:42:32.546] [DEBUG] cheese - admin
[2019-03-01T23:42:32.550] [DEBUG] cheese - null
[2019-03-01T23:42:32.550] [DEBUG] cheese - null
[2019-03-01T23:42:49.274] [DEBUG] cheese - login => username:admin,password:123456
[2019-03-01T23:42:49.274] [DEBUG] cheese - admin
[2019-03-01T23:42:49.281] [DEBUG] cheese - null
[2019-03-01T23:42:49.281] [DEBUG] cheese - null
[2019-03-01T23:54:53.277] [DEBUG] cheese - login => username:admin,password:123456
[2019-03-01T23:54:53.278] [DEBUG] cheese - admin
[2019-03-01T23:54:53.282] [DEBUG] cheese - null
[2019-03-01T23:54:53.283] [DEBUG] cheese - null
[2019-03-01T23:57:52.478] [DEBUG] cheese - login => username:admin,password:123456
[2019-03-01T23:57:52.478] [DEBUG] cheese - admin
[2019-03-01T23:57:52.487] [DEBUG] cheese - null
[2019-03-01T23:57:52.487] [DEBUG] cheese - null
[2019-03-02T00:03:36.493] [DEBUG] cheese - login => username:admin,password:123456
[2019-03-02T00:03:36.493] [DEBUG] cheese - admin
[2019-03-02T00:03:36.497] [DEBUG] cheese - null
[2019-03-02T00:03:36.497] [DEBUG] cheese - null
[2019-03-02T00:08:42.237] [DEBUG] cheese - login => username:admin,password:123456
[2019-03-02T00:08:42.238] [DEBUG] cheese - admin
[2019-03-02T00:08:42.244] [DEBUG] cheese - null
[2019-03-02T00:08:42.244] [DEBUG] cheese - null
[2019-03-02T00:10:39.409] [DEBUG] cheese - login => username:admin,password:123456
[2019-03-02T00:10:39.410] [DEBUG] cheese - admin
[2019-03-02T00:10:39.412] [DEBUG] cheese - null
[2019-03-02T00:10:39.413] [DEBUG] cheese - null
[2019-03-02T00:20:40.420] [DEBUG] cheese - login => username:admin,password:1234563
[2019-03-02T00:20:40.421] [DEBUG] cheese - admin
[2019-03-02T00:20:40.426] [DEBUG] cheese - null
[2019-03-02T00:20:40.426] [DEBUG] cheese - null
[2019-03-02T00:20:43.717] [DEBUG] cheese - login => username:admin,password:123456
[2019-03-02T00:20:43.718] [DEBUG] cheese - admin
[2019-03-02T00:20:43.723] [DEBUG] cheese - null
[2019-03-02T00:20:43.724] [DEBUG] cheese - null
[2019-03-02T00:20:53.649] [DEBUG] cheese - login => username:admin,password:123456
[2019-03-02T00:20:53.649] [DEBUG] cheese - admin
[2019-03-02T00:20:53.652] [DEBUG] cheese - null
[2019-03-02T00:20:53.653] [DEBUG] cheese - null
[2019-03-02T00:23:40.289] [DEBUG] cheese - login => username:admin,password:123456
[2019-03-02T00:23:40.289] [DEBUG] cheese - admin
[2019-03-02T00:23:40.293] [DEBUG] cheese - null
[2019-03-02T00:23:40.293] [DEBUG] cheese - null
[2019-03-02T00:23:55.814] [DEBUG] cheese - login => username:admin,password:123456
[2019-03-02T00:23:55.814] [DEBUG] cheese - admin
[2019-03-02T00:23:55.818] [DEBUG] cheese - null
[2019-03-02T00:23:55.818] [DEBUG] cheese - null
[2019-03-02T00:24:00.676] [DEBUG] cheese - login => username:admin,password:123456
[2019-03-02T00:24:00.677] [DEBUG] cheese - admin
[2019-03-02T00:24:00.680] [DEBUG] cheese - null
[2019-03-02T00:24:00.681] [DEBUG] cheese - null
[2019-03-02T00:24:21.716] [DEBUG] cheese - login => username:admin,password:123456
[2019-03-02T00:24:21.716] [DEBUG] cheese - admin
[2019-03-02T00:24:21.719] [DEBUG] cheese - null
[2019-03-02T00:24:21.720] [DEBUG] cheese - null
[2019-03-02T00:25:18.163] [DEBUG] cheese - login => username:admin,password:123456
[2019-03-02T00:25:18.163] [DEBUG] cheese - admin
[2019-03-02T00:25:18.168] [DEBUG] cheese - null
[2019-03-02T00:25:18.169] [DEBUG] cheese - null
[2019-03-02T00:25:41.485] [DEBUG] cheese - login => username:admin,password:123456
[2019-03-02T00:25:41.485] [DEBUG] cheese - admin
[2019-03-02T00:25:41.488] [DEBUG] cheese - null
[2019-03-02T00:25:41.489] [DEBUG] cheese - null
[2019-03-02T07:55:47.533] [DEBUG] cheese - login => username:admin,password:123456
[2019-03-02T07:55:47.535] [DEBUG] cheese - admin
[2019-03-02T07:55:47.618] [DEBUG] cheese - null
[2019-03-02T07:55:47.620] [DEBUG] cheese - null
[2019-03-02T08:15:08.316] [DEBUG] cheese - login => username:admin,password:123456
[2019-03-02T08:15:08.317] [DEBUG] cheese - admin
[2019-03-02T08:15:08.323] [DEBUG] cheese - null
[2019-03-02T08:15:08.323] [DEBUG] cheese - null
[2019-03-02T08:15:50.329] [DEBUG] cheese - login => username:admin,password:123456
[2019-03-02T08:15:50.329] [DEBUG] cheese - admin
[2019-03-02T08:15:50.343] [DEBUG] cheese - null
[2019-03-02T08:15:50.343] [DEBUG] cheese - null
[2019-03-02T08:16:18.216] [DEBUG] cheese - login => username:admin,password:123456
[2019-03-02T08:16:18.216] [DEBUG] cheese - admin
[2019-03-02T08:16:18.220] [DEBUG] cheese - null
[2019-03-02T08:16:18.220] [DEBUG] cheese - null
[2019-03-02T08:17:14.550] [DEBUG] cheese - login => username:admin,password:123456
[2019-03-02T08:17:14.550] [DEBUG] cheese - admin
[2019-03-02T08:17:14.553] [DEBUG] cheese - null
[2019-03-02T08:17:14.553] [DEBUG] cheese - null
[2019-03-02T08:17:50.262] [DEBUG] cheese - login => username:admin,password:123456
[2019-03-02T08:17:50.262] [DEBUG] cheese - admin
[2019-03-02T08:17:50.266] [DEBUG] cheese - null
[2019-03-02T08:17:50.266] [DEBUG] cheese - null
[2019-03-02T08:18:38.847] [DEBUG] cheese - login => username:admin,password:123456
[2019-03-02T08:18:38.847] [DEBUG] cheese - admin
[2019-03-02T08:18:38.850] [DEBUG] cheese - null
[2019-03-02T08:18:38.850] [DEBUG] cheese - null
[2019-03-02T10:49:32.883] [DEBUG] cheese - login => username:admin,password:123456
[2019-03-02T10:49:32.884] [DEBUG] cheese - admin
[2019-03-02T10:49:32.891] [DEBUG] cheese - null
[2019-03-02T10:49:32.891] [DEBUG] cheese - null
[2019-03-02T10:53:23.284] [DEBUG] cheese - login => username:admin,password:123456
[2019-03-02T10:53:57.552] [DEBUG] cheese - login => username:admin,password:123456
[2019-03-02T10:53:57.555] [DEBUG] cheese - admin
[2019-03-02T10:53:57.578] [DEBUG] cheese - null
[2019-03-02T10:53:57.580] [DEBUG] cheese - null
[2019-03-02T10:57:50.922] [DEBUG] cheese - login => username:admin,password:123456
[2019-03-02T10:57:50.922] [DEBUG] cheese - admin
[2019-03-02T10:57:50.930] [DEBUG] cheese - null
[2019-03-02T10:57:50.930] [DEBUG] cheese - null
[2019-03-02T10:58:11.225] [DEBUG] cheese - login => username:admin,password:123456
[2019-03-02T10:58:11.225] [DEBUG] cheese - admin
[2019-03-02T10:58:11.228] [DEBUG] cheese - null
[2019-03-02T10:58:11.229] [DEBUG] cheese - null
[2019-03-02T10:58:27.261] [DEBUG] cheese - login => username:admin,password:123456
[2019-03-02T10:58:27.262] [DEBUG] cheese - admin
[2019-03-02T10:58:27.266] [DEBUG] cheese - null
[2019-03-02T10:58:27.266] [DEBUG] cheese - null
[2019-03-02T10:58:46.309] [DEBUG] cheese - login => username:admin,password:123456
[2019-03-02T10:58:46.310] [DEBUG] cheese - admin
[2019-03-02T10:58:46.314] [DEBUG] cheese - null
[2019-03-02T10:58:46.314] [DEBUG] cheese - null
[2019-03-02T11:00:22.652] [DEBUG] cheese - login => username:admin,password:123456
[2019-03-02T11:00:22.652] [DEBUG] cheese - admin
[2019-03-02T11:00:22.656] [DEBUG] cheese - null
[2019-03-02T11:00:22.656] [DEBUG] cheese - null
[2019-03-02T12:12:49.395] [DEBUG] cheese - login => username:admin,password:123456
[2019-03-02T12:12:49.395] [DEBUG] cheese - admin
[2019-03-02T12:12:49.399] [DEBUG] cheese - null
[2019-03-02T12:12:49.399] [DEBUG] cheese - null
[2019-03-02T12:44:08.362] [DEBUG] cheese - login => username:admin,password:123456
[2019-03-02T12:44:08.362] [DEBUG] cheese - admin
[2019-03-02T12:44:08.365] [DEBUG] cheese - null
[2019-03-02T12:44:08.367] [DEBUG] cheese - null
[2019-03-02T13:03:09.391] [DEBUG] cheese - login => username:admin,password:123456
[2019-03-02T13:03:09.391] [DEBUG] cheese - admin
[2019-03-02T13:03:09.395] [DEBUG] cheese - null
[2019-03-02T13:03:09.395] [DEBUG] cheese - null
[2019-03-02T13:03:16.350] [DEBUG] cheese - login => username:admin,password:123456
[2019-03-02T13:03:16.350] [DEBUG] cheese - admin
[2019-03-02T13:03:16.355] [DEBUG] cheese - null
[2019-03-02T13:03:16.355] [DEBUG] cheese - null
[2019-03-02T13:03:34.847] [DEBUG] cheese - login => username:admin,password:123456
[2019-03-02T13:03:34.847] [DEBUG] cheese - admin
[2019-03-02T13:03:34.851] [DEBUG] cheese - null
[2019-03-02T13:03:34.851] [DEBUG] cheese - null
[2019-03-02T21:52:49.887] [DEBUG] cheese - login => username:admin,password:123456
[2019-03-02T21:52:49.888] [DEBUG] cheese - admin
[2019-03-02T21:52:49.892] [DEBUG] cheese - null
[2019-03-02T21:52:49.892] [DEBUG] cheese - null
[2019-03-02T21:56:02.111] [DEBUG] cheese - login => username:admin,password:123456
[2019-03-02T21:56:02.111] [DEBUG] cheese - admin
[2019-03-02T21:56:02.116] [DEBUG] cheese - null
[2019-03-02T21:56:02.116] [DEBUG] cheese - null
[2019-03-02T22:49:29.233] [DEBUG] cheese - login => username:admin,password:123456
[2019-03-02T22:49:29.235] [DEBUG] cheese - admin
[2019-03-02T22:49:29.258] [DEBUG] cheese - null
[2019-03-02T22:49:29.261] [DEBUG] cheese - null
[2019-03-02T22:59:06.265] [DEBUG] cheese - login => username:admin,password:123456
[2019-03-02T22:59:06.265] [DEBUG] cheese - admin
[2019-03-02T22:59:06.272] [DEBUG] cheese - null
[2019-03-02T22:59:06.272] [DEBUG] cheese - null
[2019-03-02T23:58:19.242] [DEBUG] cheese - login => username:admin,password:123456
[2019-03-02T23:58:19.243] [DEBUG] cheese - admin
[2019-03-02T23:58:19.247] [DEBUG] cheese - null
[2019-03-02T23:58:19.247] [DEBUG] cheese - null
[2019-03-04T08:13:26.065] [DEBUG] cheese - login => username:admin,password:123456
[2019-03-04T08:13:26.067] [DEBUG] cheese - admin
[2019-03-04T08:13:26.148] [DEBUG] cheese - null
[2019-03-04T08:13:26.150] [DEBUG] cheese - null
[2019-03-04T10:28:31.447] [DEBUG] cheese - login => username:admin,password:123456
[2019-03-04T10:28:31.448] [DEBUG] cheese - admin
[2019-03-04T10:28:31.451] [DEBUG] cheese - null
[2019-03-04T10:28:31.451] [DEBUG] cheese - null
[2019-03-04T14:06:23.756] [DEBUG] cheese - login => username:admin,password:123456
[2019-03-04T14:06:23.757] [DEBUG] cheese - admin
[2019-03-04T14:06:23.760] [DEBUG] cheese - null
[2019-03-04T14:06:23.760] [DEBUG] cheese - null
[2019-03-04T15:13:17.763] [DEBUG] cheese - login => username:admin,password:123456
[2019-03-04T15:13:17.765] [DEBUG] cheese - admin
[2019-03-04T15:13:17.793] [DEBUG] cheese - null
[2019-03-04T15:13:17.795] [DEBUG] cheese - null
[2019-03-04T20:38:01.708] [DEBUG] cheese - login => username:admin,password:123456
[2019-03-04T20:38:01.708] [DEBUG] cheese - admin
[2019-03-04T20:38:01.712] [DEBUG] cheese - null
[2019-03-04T20:38:01.713] [DEBUG] cheese - null
[2019-03-04T21:25:57.744] [DEBUG] cheese - null
[2019-03-04T21:27:33.241] [DEBUG] cheese - null
[2019-03-04T21:28:00.225] [DEBUG] cheese - null
[2019-03-04T21:31:11.551] [DEBUG] cheese - null
[2019-03-04T21:31:24.857] [DEBUG] cheese - null
[2019-03-04T21:35:52.672] [DEBUG] cheese - null
[2019-03-05T19:36:42.460] [DEBUG] cheese - login => username:admin,password:123456
[2019-03-05T19:36:42.462] [DEBUG] cheese - admin
[2019-03-05T19:36:42.594] [DEBUG] cheese - null
[2019-03-05T19:36:42.595] [DEBUG] cheese - null
[2019-03-05T21:26:01.585] [DEBUG] cheese - login => username:admin,password:123456
[2019-03-05T21:26:01.585] [DEBUG] cheese - admin
[2019-03-05T21:26:01.588] [DEBUG] cheese - null
[2019-03-05T21:26:01.588] [DEBUG] cheese - null
[2019-03-05T21:26:13.106] [DEBUG] cheese - login => username:admin,password:123456
[2019-03-05T21:26:13.106] [DEBUG] cheese - admin
[2019-03-05T21:26:13.110] [DEBUG] cheese - null
[2019-03-05T21:26:13.110] [DEBUG] cheese - null
[2019-03-05T21:26:18.471] [DEBUG] cheese - login => username:admin,password:123456
[2019-03-05T21:26:18.471] [DEBUG] cheese - admin
[2019-03-05T21:26:18.474] [DEBUG] cheese - null
[2019-03-05T21:26:18.475] [DEBUG] cheese - null
[2019-03-06T20:42:34.159] [DEBUG] cheese - login => username:admin,password:123456
[2019-03-06T20:42:34.161] [DEBUG] cheese - admin
[2019-03-06T20:42:34.247] [DEBUG] cheese - null
[2019-03-06T20:42:34.249] [DEBUG] cheese - null
[2019-03-06T22:38:26.622] [DEBUG] cheese - login => username:admin,password:123456
[2019-03-06T22:38:26.622] [DEBUG] cheese - admin
[2019-03-06T22:38:26.625] [DEBUG] cheese - null
[2019-03-06T22:38:26.625] [DEBUG] cheese - null
